mode: atomic
github.com/cyw0ng95/v2e/cmd/v2access/build_config.go:10.33,12.2 1 0
github.com/cyw0ng95/v2e/cmd/v2access/build_config.go:15.32,17.2 1 0
github.com/cyw0ng95/v2e/cmd/v2access/handlers.go:16.66,22.2 1 2
github.com/cyw0ng95/v2e/cmd/v2access/handlers.go:25.63,31.2 1 0
github.com/cyw0ng95/v2e/cmd/v2access/handlers.go:34.71,36.46 1 4
github.com/cyw0ng95/v2e/cmd/v2access/handlers.go:36.46,41.3 2 0
github.com/cyw0ng95/v2e/cmd/v2access/handlers.go:44.2,44.44 1 4
github.com/cyw0ng95/v2e/cmd/v2access/handlers.go:44.44,54.52 3 2
github.com/cyw0ng95/v2e/cmd/v2access/handlers.go:54.52,59.4 4 1
github.com/cyw0ng95/v2e/cmd/v2access/handlers.go:62.3,63.19 2 1
github.com/cyw0ng95/v2e/cmd/v2access/handlers.go:63.19,65.4 1 1
github.com/cyw0ng95/v2e/cmd/v2access/handlers.go:67.3,68.28 2 1
github.com/cyw0ng95/v2e/cmd/v2access/handlers.go:68.28,70.4 1 0
github.com/cyw0ng95/v2e/cmd/v2access/handlers.go:73.3,78.10 4 1
github.com/cyw0ng95/v2e/cmd/v2access/handlers.go:79.28,83.10 4 0
github.com/cyw0ng95/v2e/cmd/v2access/handlers.go:84.11,84.11 0 1
github.com/cyw0ng95/v2e/cmd/v2access/handlers.go:90.3,97.10 5 1
github.com/cyw0ng95/v2e/cmd/v2access/handlers.go:98.28,100.72 2 0
github.com/cyw0ng95/v2e/cmd/v2access/handlers.go:101.11,101.11 0 1
github.com/cyw0ng95/v2e/cmd/v2access/handlers.go:105.3,105.17 1 1
github.com/cyw0ng95/v2e/cmd/v2access/handlers.go:105.17,110.4 4 1
github.com/cyw0ng95/v2e/cmd/v2access/handlers.go:113.3,113.71 1 0
github.com/cyw0ng95/v2e/cmd/v2access/handlers.go:113.71,118.4 4 0
github.com/cyw0ng95/v2e/cmd/v2access/handlers.go:121.3,122.30 2 0
github.com/cyw0ng95/v2e/cmd/v2access/handlers.go:122.30,124.79 2 0
github.com/cyw0ng95/v2e/cmd/v2access/handlers.go:124.79,129.5 4 0
github.com/cyw0ng95/v2e/cmd/v2access/handlers.go:130.4,130.41 1 0
github.com/cyw0ng95/v2e/cmd/v2access/handlers.go:134.3,136.96 3 0
github.com/cyw0ng95/v2e/cmd/v2access/handlers.go:144.138,149.2 1 0
github.com/cyw0ng95/v2e/cmd/v2access/handlers.go:151.56,153.2 1 0
github.com/cyw0ng95/v2e/cmd/v2access/handlers.go:162.90,163.23 1 0
github.com/cyw0ng95/v2e/cmd/v2access/handlers.go:163.23,165.3 1 0
github.com/cyw0ng95/v2e/cmd/v2access/handlers.go:166.2,166.35 1 0
github.com/cyw0ng95/v2e/cmd/v2access/handlers.go:169.83,171.2 1 0
github.com/cyw0ng95/v2e/cmd/v2access/handlers.go:173.57,175.2 1 0
github.com/cyw0ng95/v2e/cmd/v2access/main.go:55.13,57.2 1 0
github.com/cyw0ng95/v2e/cmd/v2access/rpc_client.go:23.74,33.47 4 1
github.com/cyw0ng95/v2e/cmd/v2access/rpc_client.go:33.47,36.17 3 0
github.com/cyw0ng95/v2e/cmd/v2access/rpc_client.go:36.17,39.4 2 0
github.com/cyw0ng95/v2e/cmd/v2access/rpc_client.go:40.8,43.3 1 1
github.com/cyw0ng95/v2e/cmd/v2access/rpc_client.go:45.2,54.15 2 1
github.com/cyw0ng95/v2e/cmd/v2access/rpc_client.go:58.120,69.2 2 2
github.com/cyw0ng95/v2e/cmd/v2access/rpc_client.go:72.116,74.2 1 0
github.com/cyw0ng95/v2e/cmd/v2access/rpc_client.go:77.134,80.2 1 1
github.com/cyw0ng95/v2e/cmd/v2access/rpc_client.go:83.52,85.2 1 0
github.com/cyw0ng95/v2e/cmd/v2access/rpc_client.go:89.111,91.2 1 1
github.com/cyw0ng95/v2e/cmd/v2access/rpc_client.go:95.108,97.2 1 0
github.com/cyw0ng95/v2e/cmd/v2access/run.go:15.18,35.66 9 0
github.com/cyw0ng95/v2e/cmd/v2access/run.go:35.66,38.3 2 0
github.com/cyw0ng95/v2e/cmd/v2access/run.go:41.2,52.12 6 0
github.com/cyw0ng95/v2e/cmd/v2access/run.go:52.12,55.61 3 0
github.com/cyw0ng95/v2e/cmd/v2access/run.go:55.61,57.4 1 0
github.com/cyw0ng95/v2e/cmd/v2access/run.go:57.9,59.4 1 0
github.com/cyw0ng95/v2e/cmd/v2access/run.go:61.2,73.12 4 0
github.com/cyw0ng95/v2e/cmd/v2access/run.go:73.12,75.77 2 0
github.com/cyw0ng95/v2e/cmd/v2access/run.go:75.77,78.4 2 0
github.com/cyw0ng95/v2e/cmd/v2access/run.go:79.3,79.35 1 0
github.com/cyw0ng95/v2e/cmd/v2access/run.go:83.2,95.42 9 0
github.com/cyw0ng95/v2e/cmd/v2access/run.go:95.42,99.3 3 0
github.com/cyw0ng95/v2e/cmd/v2access/run.go:100.2,102.35 2 0
github.com/cyw0ng95/v2e/cmd/v2access/server.go:18.77,43.43 13 2
github.com/cyw0ng95/v2e/cmd/v2access/server.go:43.43,49.39 3 2
github.com/cyw0ng95/v2e/cmd/v2access/server.go:49.39,51.57 1 4
github.com/cyw0ng95/v2e/cmd/v2access/server.go:51.57,54.5 2 1
github.com/cyw0ng95/v2e/cmd/v2access/server.go:57.4,58.40 2 3
github.com/cyw0ng95/v2e/cmd/v2access/server.go:58.40,61.5 2 1
github.com/cyw0ng95/v2e/cmd/v2access/server.go:63.4,65.63 3 2
github.com/cyw0ng95/v2e/cmd/v2access/server.go:65.63,69.5 3 1
github.com/cyw0ng95/v2e/cmd/v2access/server.go:72.4,73.47 2 1
github.com/cyw0ng95/v2e/cmd/v2access/server.go:75.8,77.3 1 0
github.com/cyw0ng95/v2e/cmd/v2access/server.go:79.2,79.15 1 2
