mode: atomic
github.com/cyw0ng95/v2e/cmd/v2analysis/main.go:44.117,50.16 3 5
github.com/cyw0ng95/v2e/cmd/v2analysis/main.go:50.16,52.3 1 0
github.com/cyw0ng95/v2e/cmd/v2analysis/main.go:54.2,64.55 2 5
github.com/cyw0ng95/v2e/cmd/v2analysis/main.go:64.55,67.3 1 0
github.com/cyw0ng95/v2e/cmd/v2analysis/main.go:70.2,70.43 1 5
github.com/cyw0ng95/v2e/cmd/v2analysis/main.go:70.43,73.3 2 0
github.com/cyw0ng95/v2e/cmd/v2analysis/main.go:75.2,75.21 1 5
github.com/cyw0ng95/v2e/cmd/v2analysis/main.go:79.56,82.16 2 5
github.com/cyw0ng95/v2e/cmd/v2analysis/main.go:82.16,85.3 1 5
github.com/cyw0ng95/v2e/cmd/v2analysis/main.go:87.2,92.16 3 0
github.com/cyw0ng95/v2e/cmd/v2analysis/main.go:92.16,94.3 1 0
github.com/cyw0ng95/v2e/cmd/v2analysis/main.go:96.2,97.12 2 0
github.com/cyw0ng95/v2e/cmd/v2analysis/main.go:101.41,103.29 1 5
github.com/cyw0ng95/v2e/cmd/v2analysis/main.go:103.29,105.57 2 3
github.com/cyw0ng95/v2e/cmd/v2analysis/main.go:105.57,107.4 1 0
github.com/cyw0ng95/v2e/cmd/v2analysis/main.go:111.2,111.44 1 5
github.com/cyw0ng95/v2e/cmd/v2analysis/main.go:111.44,113.3 1 0
github.com/cyw0ng95/v2e/cmd/v2analysis/main.go:116.2,116.29 1 5
github.com/cyw0ng95/v2e/cmd/v2analysis/main.go:119.13,129.23 4 0
github.com/cyw0ng95/v2e/cmd/v2analysis/main.go:129.23,131.3 1 0
github.com/cyw0ng95/v2e/cmd/v2analysis/main.go:134.2,138.16 3 0
github.com/cyw0ng95/v2e/cmd/v2analysis/main.go:138.16,141.3 2 0
github.com/cyw0ng95/v2e/cmd/v2analysis/main.go:142.2,168.51 21 0
github.com/cyw0ng95/v2e/cmd/v2analysis/main.go:172.78,173.89 1 0
github.com/cyw0ng95/v2e/cmd/v2analysis/main.go:173.89,179.3 2 0
github.com/cyw0ng95/v2e/cmd/v2analysis/main.go:183.72,184.89 1 0
github.com/cyw0ng95/v2e/cmd/v2analysis/main.go:184.89,190.72 2 0
github.com/cyw0ng95/v2e/cmd/v2analysis/main.go:190.72,192.4 1 0
github.com/cyw0ng95/v2e/cmd/v2analysis/main.go:194.3,195.17 2 0
github.com/cyw0ng95/v2e/cmd/v2analysis/main.go:195.17,197.4 1 0
github.com/cyw0ng95/v2e/cmd/v2analysis/main.go:199.3,202.5 2 0
github.com/cyw0ng95/v2e/cmd/v2analysis/main.go:207.72,208.89 1 0
github.com/cyw0ng95/v2e/cmd/v2analysis/main.go:208.89,216.72 2 0
github.com/cyw0ng95/v2e/cmd/v2analysis/main.go:216.72,218.4 1 0
github.com/cyw0ng95/v2e/cmd/v2analysis/main.go:220.3,221.17 2 0
github.com/cyw0ng95/v2e/cmd/v2analysis/main.go:221.17,223.4 1 0
github.com/cyw0ng95/v2e/cmd/v2analysis/main.go:225.3,226.17 2 0
github.com/cyw0ng95/v2e/cmd/v2analysis/main.go:226.17,228.4 1 0
github.com/cyw0ng95/v2e/cmd/v2analysis/main.go:230.3,231.86 2 0
github.com/cyw0ng95/v2e/cmd/v2analysis/main.go:231.86,233.4 1 0
github.com/cyw0ng95/v2e/cmd/v2analysis/main.go:235.3,239.5 1 0
github.com/cyw0ng95/v2e/cmd/v2analysis/main.go:244.72,245.89 1 0
github.com/cyw0ng95/v2e/cmd/v2analysis/main.go:245.89,250.72 2 0
github.com/cyw0ng95/v2e/cmd/v2analysis/main.go:250.72,252.4 1 0
github.com/cyw0ng95/v2e/cmd/v2analysis/main.go:254.3,255.17 2 0
github.com/cyw0ng95/v2e/cmd/v2analysis/main.go:255.17,257.4 1 0
github.com/cyw0ng95/v2e/cmd/v2analysis/main.go:259.3,260.14 2 0
github.com/cyw0ng95/v2e/cmd/v2analysis/main.go:260.14,262.4 1 0
github.com/cyw0ng95/v2e/cmd/v2analysis/main.go:264.3,267.5 1 0
github.com/cyw0ng95/v2e/cmd/v2analysis/main.go:272.77,273.89 1 0
github.com/cyw0ng95/v2e/cmd/v2analysis/main.go:273.89,278.72 2 0
github.com/cyw0ng95/v2e/cmd/v2analysis/main.go:278.72,280.4 1 0
github.com/cyw0ng95/v2e/cmd/v2analysis/main.go:282.3,283.17 2 0
github.com/cyw0ng95/v2e/cmd/v2analysis/main.go:283.17,285.4 1 0
github.com/cyw0ng95/v2e/cmd/v2analysis/main.go:287.3,289.31 3 0
github.com/cyw0ng95/v2e/cmd/v2analysis/main.go:289.31,291.4 1 0
github.com/cyw0ng95/v2e/cmd/v2analysis/main.go:293.3,295.5 1 0
github.com/cyw0ng95/v2e/cmd/v2analysis/main.go:300.73,301.89 1 0
github.com/cyw0ng95/v2e/cmd/v2analysis/main.go:301.89,307.72 2 0
github.com/cyw0ng95/v2e/cmd/v2analysis/main.go:307.72,309.4 1 0
github.com/cyw0ng95/v2e/cmd/v2analysis/main.go:311.3,312.17 2 0
github.com/cyw0ng95/v2e/cmd/v2analysis/main.go:312.17,314.4 1 0
github.com/cyw0ng95/v2e/cmd/v2analysis/main.go:316.3,317.17 2 0
github.com/cyw0ng95/v2e/cmd/v2analysis/main.go:317.17,319.4 1 0
github.com/cyw0ng95/v2e/cmd/v2analysis/main.go:321.3,322.13 2 0
github.com/cyw0ng95/v2e/cmd/v2analysis/main.go:322.13,324.4 1 0
github.com/cyw0ng95/v2e/cmd/v2analysis/main.go:326.3,327.26 2 0
github.com/cyw0ng95/v2e/cmd/v2analysis/main.go:327.26,329.4 1 0
github.com/cyw0ng95/v2e/cmd/v2analysis/main.go:331.3,334.5 1 0
github.com/cyw0ng95/v2e/cmd/v2analysis/main.go:339.79,340.89 1 0
github.com/cyw0ng95/v2e/cmd/v2analysis/main.go:340.89,345.72 2 0
github.com/cyw0ng95/v2e/cmd/v2analysis/main.go:345.72,347.4 1 0
github.com/cyw0ng95/v2e/cmd/v2analysis/main.go:349.3,353.30 4 0
github.com/cyw0ng95/v2e/cmd/v2analysis/main.go:353.30,358.4 1 0
github.com/cyw0ng95/v2e/cmd/v2analysis/main.go:360.3,363.5 1 0
github.com/cyw0ng95/v2e/cmd/v2analysis/main.go:368.77,369.89 1 0
github.com/cyw0ng95/v2e/cmd/v2analysis/main.go:369.89,374.17 3 0
github.com/cyw0ng95/v2e/cmd/v2analysis/main.go:374.17,376.4 1 0
github.com/cyw0ng95/v2e/cmd/v2analysis/main.go:378.3,379.75 2 0
github.com/cyw0ng95/v2e/cmd/v2analysis/main.go:379.75,381.4 1 0
github.com/cyw0ng95/v2e/cmd/v2analysis/main.go:383.3,383.54 1 0
github.com/cyw0ng95/v2e/cmd/v2analysis/main.go:388.78,389.89 1 0
github.com/cyw0ng95/v2e/cmd/v2analysis/main.go:389.89,394.72 2 0
github.com/cyw0ng95/v2e/cmd/v2analysis/main.go:394.72,397.4 1 0
github.com/cyw0ng95/v2e/cmd/v2analysis/main.go:399.3,408.17 4 0
github.com/cyw0ng95/v2e/cmd/v2analysis/main.go:408.17,410.4 1 0
github.com/cyw0ng95/v2e/cmd/v2analysis/main.go:412.3,415.74 2 0
github.com/cyw0ng95/v2e/cmd/v2analysis/main.go:415.74,417.4 1 0
github.com/cyw0ng95/v2e/cmd/v2analysis/main.go:420.3,423.39 3 0
github.com/cyw0ng95/v2e/cmd/v2analysis/main.go:423.39,425.11 2 0
github.com/cyw0ng95/v2e/cmd/v2analysis/main.go:425.11,426.13 1 0
github.com/cyw0ng95/v2e/cmd/v2analysis/main.go:430.4,431.18 2 0
github.com/cyw0ng95/v2e/cmd/v2analysis/main.go:431.18,433.13 2 0
github.com/cyw0ng95/v2e/cmd/v2analysis/main.go:436.4,440.57 3 0
github.com/cyw0ng95/v2e/cmd/v2analysis/main.go:440.57,441.32 1 0
github.com/cyw0ng95/v2e/cmd/v2analysis/main.go:441.32,443.13 2 0
github.com/cyw0ng95/v2e/cmd/v2analysis/main.go:443.13,444.15 1 0
github.com/cyw0ng95/v2e/cmd/v2analysis/main.go:447.6,448.20 2 0
github.com/cyw0ng95/v2e/cmd/v2analysis/main.go:448.20,449.15 1 0
github.com/cyw0ng95/v2e/cmd/v2analysis/main.go:453.6,453.61 1 0
github.com/cyw0ng95/v2e/cmd/v2analysis/main.go:453.61,456.7 2 0
github.com/cyw0ng95/v2e/cmd/v2analysis/main.go:459.6,459.97 1 0
github.com/cyw0ng95/v2e/cmd/v2analysis/main.go:459.97,461.7 1 0
github.com/cyw0ng95/v2e/cmd/v2analysis/main.go:466.3,473.5 2 0
github.com/cyw0ng95/v2e/cmd/v2analysis/main.go:478.75,479.89 1 0
github.com/cyw0ng95/v2e/cmd/v2analysis/main.go:479.89,486.3 3 0
github.com/cyw0ng95/v2e/cmd/v2analysis/main.go:490.76,491.89 1 0
github.com/cyw0ng95/v2e/cmd/v2analysis/main.go:491.89,500.3 4 0
github.com/cyw0ng95/v2e/cmd/v2analysis/main.go:504.78,505.89 1 0
github.com/cyw0ng95/v2e/cmd/v2analysis/main.go:505.89,506.52 1 0
github.com/cyw0ng95/v2e/cmd/v2analysis/main.go:506.52,508.4 1 0
github.com/cyw0ng95/v2e/cmd/v2analysis/main.go:510.3,513.5 2 0
github.com/cyw0ng95/v2e/cmd/v2analysis/main.go:518.79,519.89 1 0
github.com/cyw0ng95/v2e/cmd/v2analysis/main.go:519.89,520.53 1 0
github.com/cyw0ng95/v2e/cmd/v2analysis/main.go:520.53,522.4 1 0
github.com/cyw0ng95/v2e/cmd/v2analysis/main.go:524.3,527.5 2 0
github.com/cyw0ng95/v2e/cmd/v2analysis/main.go:532.74,533.89 1 0
github.com/cyw0ng95/v2e/cmd/v2analysis/main.go:533.89,537.49 2 0
github.com/cyw0ng95/v2e/cmd/v2analysis/main.go:537.49,539.4 1 0
github.com/cyw0ng95/v2e/cmd/v2analysis/main.go:542.3,542.69 1 0
github.com/cyw0ng95/v2e/cmd/v2analysis/main.go:542.69,545.4 2 0
github.com/cyw0ng95/v2e/cmd/v2analysis/main.go:548.3,548.52 1 0
github.com/cyw0ng95/v2e/cmd/v2analysis/main.go:548.52,550.4 1 0
github.com/cyw0ng95/v2e/cmd/v2analysis/main.go:552.3,560.5 3 0
github.com/cyw0ng95/v2e/cmd/v2analysis/main.go:565.74,566.89 1 0
github.com/cyw0ng95/v2e/cmd/v2analysis/main.go:566.89,569.17 2 0
github.com/cyw0ng95/v2e/cmd/v2analysis/main.go:569.17,571.4 1 0
github.com/cyw0ng95/v2e/cmd/v2analysis/main.go:574.3,581.5 3 0
github.com/cyw0ng95/v2e/cmd/v2broker/metrics/registry.go:31.30,35.2 1 0
github.com/cyw0ng95/v2e/cmd/v2broker/metrics/registry.go:38.101,46.10 6 0
github.com/cyw0ng95/v2e/cmd/v2broker/metrics/registry.go:46.10,48.3 1 0
github.com/cyw0ng95/v2e/cmd/v2broker/metrics/registry.go:48.8,50.3 1 0
github.com/cyw0ng95/v2e/cmd/v2broker/metrics/registry.go:54.90,69.16 5 0
github.com/cyw0ng95/v2e/cmd/v2broker/metrics/registry.go:69.16,71.3 1 0
github.com/cyw0ng95/v2e/cmd/v2broker/metrics/registry.go:73.2,75.17 3 0
github.com/cyw0ng95/v2e/cmd/v2broker/metrics/registry.go:79.90,88.16 5 0
github.com/cyw0ng95/v2e/cmd/v2broker/metrics/registry.go:88.16,90.3 1 0
github.com/cyw0ng95/v2e/cmd/v2broker/metrics/registry.go:92.2,94.17 3 0
github.com/cyw0ng95/v2e/cmd/v2broker/metrics/registry.go:98.50,109.2 3 0
github.com/cyw0ng95/v2e/cmd/v2broker/monitor/ebpf_monitor.go:89.65,99.44 2 0
github.com/cyw0ng95/v2e/cmd/v2broker/monitor/ebpf_monitor.go:99.44,100.26 1 0
github.com/cyw0ng95/v2e/cmd/v2broker/monitor/ebpf_monitor.go:100.26,102.4 1 0
github.com/cyw0ng95/v2e/cmd/v2broker/monitor/ebpf_monitor.go:105.2,105.45 1 0
github.com/cyw0ng95/v2e/cmd/v2broker/monitor/ebpf_monitor.go:105.45,107.3 1 0
github.com/cyw0ng95/v2e/cmd/v2broker/monitor/ebpf_monitor.go:109.2,112.21 3 0
github.com/cyw0ng95/v2e/cmd/v2broker/monitor/ebpf_monitor.go:115.42,116.46 1 0
github.com/cyw0ng95/v2e/cmd/v2broker/monitor/ebpf_monitor.go:116.46,117.27 1 0
github.com/cyw0ng95/v2e/cmd/v2broker/monitor/ebpf_monitor.go:117.27,118.12 1 0
github.com/cyw0ng95/v2e/cmd/v2broker/monitor/ebpf_monitor.go:121.3,122.17 2 0
github.com/cyw0ng95/v2e/cmd/v2broker/monitor/ebpf_monitor.go:122.17,124.4 1 0
github.com/cyw0ng95/v2e/cmd/v2broker/monitor/ebpf_monitor.go:126.3,126.37 1 0
github.com/cyw0ng95/v2e/cmd/v2broker/monitor/ebpf_monitor.go:129.2,129.12 1 0
github.com/cyw0ng95/v2e/cmd/v2broker/monitor/ebpf_monitor.go:132.69,140.2 3 0
github.com/cyw0ng95/v2e/cmd/v2broker/monitor/ebpf_monitor.go:142.37,143.41 1 0
github.com/cyw0ng95/v2e/cmd/v2broker/monitor/ebpf_monitor.go:143.41,144.19 1 0
github.com/cyw0ng95/v2e/cmd/v2broker/monitor/ebpf_monitor.go:144.19,145.51 1 0
github.com/cyw0ng95/v2e/cmd/v2broker/monitor/ebpf_monitor.go:145.51,147.5 1 0
github.com/cyw0ng95/v2e/cmd/v2broker/monitor/ebpf_monitor.go:151.2,151.12 1 0
github.com/cyw0ng95/v2e/cmd/v2broker/monitor/ebpf_monitor.go:154.62,156.13 2 0
github.com/cyw0ng95/v2e/cmd/v2broker/monitor/ebpf_monitor.go:156.13,158.3 1 0
github.com/cyw0ng95/v2e/cmd/v2broker/monitor/ebpf_monitor.go:160.2,160.19 1 0
github.com/cyw0ng95/v2e/cmd/v2broker/monitor/ebpf_monitor.go:160.19,162.3 1 0
github.com/cyw0ng95/v2e/cmd/v2broker/monitor/ebpf_monitor.go:164.2,164.12 1 0
github.com/cyw0ng95/v2e/cmd/v2broker/monitor/ebpf_monitor.go:167.30,168.14 1 0
github.com/cyw0ng95/v2e/cmd/v2broker/monitor/ebpf_monitor.go:168.14,170.3 1 0
github.com/cyw0ng95/v2e/cmd/v2broker/monitor/ebpf_monitor.go:172.2,175.33 3 0
github.com/cyw0ng95/v2e/cmd/v2broker/monitor/ebpf_monitor.go:175.33,176.39 1 0
github.com/cyw0ng95/v2e/cmd/v2broker/monitor/ebpf_monitor.go:176.39,178.4 1 0
github.com/cyw0ng95/v2e/cmd/v2broker/monitor/ebpf_monitor.go:179.3,179.38 1 0
github.com/cyw0ng95/v2e/cmd/v2broker/monitor/ebpf_monitor.go:179.38,181.4 1 0
github.com/cyw0ng95/v2e/cmd/v2broker/monitor/ebpf_monitor.go:184.2,185.20 2 0
github.com/cyw0ng95/v2e/cmd/v2broker/monitor/ebpf_monitor.go:188.35,189.6 1 0
github.com/cyw0ng95/v2e/cmd/v2broker/monitor/ebpf_monitor.go:189.6,190.10 1 0
github.com/cyw0ng95/v2e/cmd/v2broker/monitor/ebpf_monitor.go:191.31,192.25 1 0
github.com/cyw0ng95/v2e/cmd/v2broker/monitor/ebpf_monitor.go:193.21,194.10 1 0
github.com/cyw0ng95/v2e/cmd/v2broker/monitor/ebpf_monitor.go:199.35,200.6 1 0
github.com/cyw0ng95/v2e/cmd/v2broker/monitor/ebpf_monitor.go:200.6,201.10 1 0
github.com/cyw0ng95/v2e/cmd/v2broker/monitor/ebpf_monitor.go:202.31,203.25 1 0
github.com/cyw0ng95/v2e/cmd/v2broker/monitor/ebpf_monitor.go:204.21,205.10 1 0
github.com/cyw0ng95/v2e/cmd/v2broker/monitor/ebpf_monitor.go:210.49,212.13 2 0
github.com/cyw0ng95/v2e/cmd/v2broker/monitor/ebpf_monitor.go:212.13,214.3 1 0
github.com/cyw0ng95/v2e/cmd/v2broker/monitor/ebpf_monitor.go:216.2,220.21 4 0
github.com/cyw0ng95/v2e/cmd/v2broker/monitor/ebpf_monitor.go:220.21,221.62 1 0
github.com/cyw0ng95/v2e/cmd/v2broker/monitor/ebpf_monitor.go:221.62,223.4 1 0
github.com/cyw0ng95/v2e/cmd/v2broker/monitor/ebpf_monitor.go:224.3,224.62 1 0
github.com/cyw0ng95/v2e/cmd/v2broker/monitor/ebpf_monitor.go:224.62,226.4 1 0
github.com/cyw0ng95/v2e/cmd/v2broker/monitor/ebpf_monitor.go:229.2,229.29 1 0
github.com/cyw0ng95/v2e/cmd/v2broker/monitor/ebpf_monitor.go:229.29,231.3 1 0
github.com/cyw0ng95/v2e/cmd/v2broker/monitor/ebpf_monitor.go:233.2,234.59 2 0
github.com/cyw0ng95/v2e/cmd/v2broker/monitor/ebpf_monitor.go:234.59,235.51 1 0
github.com/cyw0ng95/v2e/cmd/v2broker/monitor/ebpf_monitor.go:235.51,246.4 2 0
github.com/cyw0ng95/v2e/cmd/v2broker/monitor/ebpf_monitor.go:250.49,252.2 1 0
github.com/cyw0ng95/v2e/cmd/v2broker/monitor/ebpf_monitor.go:254.72,255.41 1 0
github.com/cyw0ng95/v2e/cmd/v2broker/monitor/ebpf_monitor.go:255.41,256.31 1 0
github.com/cyw0ng95/v2e/cmd/v2broker/monitor/ebpf_monitor.go:256.31,258.4 1 0
github.com/cyw0ng95/v2e/cmd/v2broker/monitor/ebpf_monitor.go:260.2,260.22 1 0
github.com/cyw0ng95/v2e/cmd/v2broker/monitor/ebpf_monitor.go:263.78,265.13 2 0
github.com/cyw0ng95/v2e/cmd/v2broker/monitor/ebpf_monitor.go:265.13,267.3 1 0
github.com/cyw0ng95/v2e/cmd/v2broker/monitor/ebpf_monitor.go:269.2,269.21 1 0
github.com/cyw0ng95/v2e/cmd/v2broker/monitor/ebpf_monitor.go:272.67,274.2 1 0
github.com/cyw0ng95/v2e/cmd/v2broker/monitor/ebpf_monitor.go:276.48,278.2 1 0
github.com/cyw0ng95/v2e/cmd/v2broker/monitor/ebpf_monitor.go:280.48,282.2 1 0
github.com/cyw0ng95/v2e/cmd/v2broker/monitor/ebpf_monitor.go:284.62,285.41 1 0
github.com/cyw0ng95/v2e/cmd/v2broker/monitor/ebpf_monitor.go:285.41,286.31 1 0
github.com/cyw0ng95/v2e/cmd/v2broker/monitor/ebpf_monitor.go:286.31,289.49 2 0
github.com/cyw0ng95/v2e/cmd/v2broker/monitor/ebpf_monitor.go:289.49,291.19 2 0
github.com/cyw0ng95/v2e/cmd/v2broker/monitor/ebpf_monitor.go:291.19,293.6 1 0
github.com/cyw0ng95/v2e/cmd/v2broker/monitor/ebpf_monitor.go:294.5,294.32 1 0
github.com/cyw0ng95/v2e/cmd/v2broker/monitor/ebpf_monitor.go:297.4,297.35 1 0
github.com/cyw0ng95/v2e/cmd/v2broker/monitor/ebpf_monitor.go:301.2,301.52 1 0
github.com/cyw0ng95/v2e/cmd/v2broker/monitor/ebpf_monitor.go:304.63,305.41 1 0
github.com/cyw0ng95/v2e/cmd/v2broker/monitor/ebpf_monitor.go:305.41,306.31 1 0
github.com/cyw0ng95/v2e/cmd/v2broker/monitor/ebpf_monitor.go:306.31,309.52 2 0
github.com/cyw0ng95/v2e/cmd/v2broker/monitor/ebpf_monitor.go:309.52,310.25 1 0
github.com/cyw0ng95/v2e/cmd/v2broker/monitor/ebpf_monitor.go:310.25,313.6 2 0
github.com/cyw0ng95/v2e/cmd/v2broker/monitor/ebpf_monitor.go:316.4,316.14 1 0
github.com/cyw0ng95/v2e/cmd/v2broker/monitor/ebpf_monitor.go:320.2,320.52 1 0
github.com/cyw0ng95/v2e/cmd/v2broker/monitor/ebpf_monitor.go:323.85,324.41 1 0
github.com/cyw0ng95/v2e/cmd/v2broker/monitor/ebpf_monitor.go:324.41,325.31 1 0
github.com/cyw0ng95/v2e/cmd/v2broker/monitor/ebpf_monitor.go:325.31,328.4 2 0
github.com/cyw0ng95/v2e/cmd/v2broker/monitor/ebpf_monitor.go:331.2,331.52 1 0
github.com/cyw0ng95/v2e/cmd/v2broker/monitor/ebpf_monitor.go:334.40,339.2 4 0
github.com/cyw0ng95/v2e/cmd/v2broker/monitor/ebpf_monitor.go:341.46,413.2 1 0
github.com/cyw0ng95/v2e/cmd/v2broker/monitor/flamegraph.go:29.75,30.29 1 0
github.com/cyw0ng95/v2e/cmd/v2broker/monitor/flamegraph.go:30.29,32.3 1 0
github.com/cyw0ng95/v2e/cmd/v2broker/monitor/flamegraph.go:34.2,34.26 1 0
github.com/cyw0ng95/v2e/cmd/v2broker/monitor/flamegraph.go:34.26,36.3 1 0
github.com/cyw0ng95/v2e/cmd/v2broker/monitor/flamegraph.go:38.2,38.28 1 0
github.com/cyw0ng95/v2e/cmd/v2broker/monitor/flamegraph.go:38.28,40.3 1 0
github.com/cyw0ng95/v2e/cmd/v2broker/monitor/flamegraph.go:42.2,42.27 1 0
github.com/cyw0ng95/v2e/cmd/v2broker/monitor/flamegraph.go:42.27,44.3 1 0
github.com/cyw0ng95/v2e/cmd/v2broker/monitor/flamegraph.go:46.2,48.3 1 0
github.com/cyw0ng95/v2e/cmd/v2broker/monitor/flamegraph.go:51.46,52.16 1 0
github.com/cyw0ng95/v2e/cmd/v2broker/monitor/flamegraph.go:52.16,54.3 1 0
github.com/cyw0ng95/v2e/cmd/v2broker/monitor/flamegraph.go:56.2,58.64 2 0
github.com/cyw0ng95/v2e/cmd/v2broker/monitor/flamegraph.go:58.64,60.3 1 0
github.com/cyw0ng95/v2e/cmd/v2broker/monitor/flamegraph.go:62.2,63.16 2 0
github.com/cyw0ng95/v2e/cmd/v2broker/monitor/flamegraph.go:63.16,65.3 1 0
github.com/cyw0ng95/v2e/cmd/v2broker/monitor/flamegraph.go:67.2,69.59 2 0
github.com/cyw0ng95/v2e/cmd/v2broker/monitor/flamegraph.go:69.59,71.3 1 0
github.com/cyw0ng95/v2e/cmd/v2broker/monitor/flamegraph.go:73.2,74.12 2 0
github.com/cyw0ng95/v2e/cmd/v2broker/monitor/flamegraph.go:77.45,78.17 1 0
github.com/cyw0ng95/v2e/cmd/v2broker/monitor/flamegraph.go:78.17,80.3 1 0
github.com/cyw0ng95/v2e/cmd/v2broker/monitor/flamegraph.go:82.2,85.23 3 0
github.com/cyw0ng95/v2e/cmd/v2broker/monitor/flamegraph.go:85.23,86.44 1 0
github.com/cyw0ng95/v2e/cmd/v2broker/monitor/flamegraph.go:86.44,88.4 1 0
github.com/cyw0ng95/v2e/cmd/v2broker/monitor/flamegraph.go:89.3,89.19 1 0
github.com/cyw0ng95/v2e/cmd/v2broker/monitor/flamegraph.go:92.2,92.12 1 0
github.com/cyw0ng95/v2e/cmd/v2broker/monitor/flamegraph.go:95.69,99.56 3 0
github.com/cyw0ng95/v2e/cmd/v2broker/monitor/flamegraph.go:99.56,101.3 1 0
github.com/cyw0ng95/v2e/cmd/v2broker/monitor/flamegraph.go:103.2,103.26 1 0
github.com/cyw0ng95/v2e/cmd/v2broker/monitor/flamegraph.go:103.26,104.67 1 0
github.com/cyw0ng95/v2e/cmd/v2broker/monitor/flamegraph.go:104.67,106.4 1 0
github.com/cyw0ng95/v2e/cmd/v2broker/monitor/flamegraph.go:107.8,108.72 1 0
github.com/cyw0ng95/v2e/cmd/v2broker/monitor/flamegraph.go:108.72,110.4 1 0
github.com/cyw0ng95/v2e/cmd/v2broker/monitor/flamegraph.go:113.2,113.21 1 0
github.com/cyw0ng95/v2e/cmd/v2broker/monitor/flamegraph.go:116.89,118.53 2 0
github.com/cyw0ng95/v2e/cmd/v2broker/monitor/flamegraph.go:118.53,120.3 1 0
github.com/cyw0ng95/v2e/cmd/v2broker/monitor/flamegraph.go:122.2,122.12 1 0
github.com/cyw0ng95/v2e/cmd/v2broker/monitor/flamegraph.go:125.84,139.16 3 0
github.com/cyw0ng95/v2e/cmd/v2broker/monitor/flamegraph.go:139.16,141.3 1 0
github.com/cyw0ng95/v2e/cmd/v2broker/monitor/flamegraph.go:142.2,144.65 2 0
github.com/cyw0ng95/v2e/cmd/v2broker/monitor/flamegraph.go:144.65,146.3 1 0
github.com/cyw0ng95/v2e/cmd/v2broker/monitor/flamegraph.go:148.2,148.12 1 0
github.com/cyw0ng95/v2e/cmd/v2broker/monitor/flamegraph.go:151.91,154.64 2 0
github.com/cyw0ng95/v2e/cmd/v2broker/monitor/flamegraph.go:154.64,156.3 1 0
github.com/cyw0ng95/v2e/cmd/v2broker/monitor/flamegraph.go:158.2,159.16 2 0
github.com/cyw0ng95/v2e/cmd/v2broker/monitor/flamegraph.go:159.16,161.3 1 0
github.com/cyw0ng95/v2e/cmd/v2broker/monitor/flamegraph.go:162.2,164.60 2 0
github.com/cyw0ng95/v2e/cmd/v2broker/monitor/flamegraph.go:164.60,166.3 1 0
github.com/cyw0ng95/v2e/cmd/v2broker/monitor/flamegraph.go:168.2,168.24 1 0
github.com/cyw0ng95/v2e/cmd/v2broker/monitor/flamegraph.go:171.74,174.64 2 0
github.com/cyw0ng95/v2e/cmd/v2broker/monitor/flamegraph.go:174.64,176.3 1 0
github.com/cyw0ng95/v2e/cmd/v2broker/monitor/flamegraph.go:178.2,179.16 2 0
github.com/cyw0ng95/v2e/cmd/v2broker/monitor/flamegraph.go:179.16,181.3 1 0
github.com/cyw0ng95/v2e/cmd/v2broker/monitor/flamegraph.go:182.2,185.20 3 0
github.com/cyw0ng95/v2e/cmd/v2broker/monitor/flamegraph.go:185.20,187.3 1 0
github.com/cyw0ng95/v2e/cmd/v2broker/monitor/flamegraph.go:189.2,189.56 1 0
github.com/cyw0ng95/v2e/cmd/v2broker/monitor/flamegraph.go:189.56,191.3 1 0
github.com/cyw0ng95/v2e/cmd/v2broker/monitor/flamegraph.go:193.2,193.24 1 0
github.com/cyw0ng95/v2e/cmd/v2broker/monitor/flamegraph.go:196.70,201.64 3 0
github.com/cyw0ng95/v2e/cmd/v2broker/monitor/flamegraph.go:201.64,203.3 1 0
github.com/cyw0ng95/v2e/cmd/v2broker/monitor/flamegraph.go:205.2,206.16 2 0
github.com/cyw0ng95/v2e/cmd/v2broker/monitor/flamegraph.go:206.16,208.3 1 0
github.com/cyw0ng95/v2e/cmd/v2broker/monitor/flamegraph.go:209.2,212.20 3 0
github.com/cyw0ng95/v2e/cmd/v2broker/monitor/flamegraph.go:212.20,214.3 1 0
github.com/cyw0ng95/v2e/cmd/v2broker/monitor/flamegraph.go:216.2,216.56 1 0
github.com/cyw0ng95/v2e/cmd/v2broker/monitor/flamegraph.go:216.56,218.3 1 0
github.com/cyw0ng95/v2e/cmd/v2broker/monitor/flamegraph.go:220.2,220.24 1 0
github.com/cyw0ng95/v2e/cmd/v2broker/monitor/flamegraph.go:223.70,228.64 3 0
github.com/cyw0ng95/v2e/cmd/v2broker/monitor/flamegraph.go:228.64,230.3 1 0
github.com/cyw0ng95/v2e/cmd/v2broker/monitor/flamegraph.go:232.2,233.16 2 0
github.com/cyw0ng95/v2e/cmd/v2broker/monitor/flamegraph.go:233.16,235.3 1 0
github.com/cyw0ng95/v2e/cmd/v2broker/monitor/flamegraph.go:236.2,239.20 3 0
github.com/cyw0ng95/v2e/cmd/v2broker/monitor/flamegraph.go:239.20,241.3 1 0
github.com/cyw0ng95/v2e/cmd/v2broker/monitor/flamegraph.go:243.2,243.56 1 0
github.com/cyw0ng95/v2e/cmd/v2broker/monitor/flamegraph.go:243.56,245.3 1 0
github.com/cyw0ng95/v2e/cmd/v2broker/monitor/flamegraph.go:247.2,247.24 1 0
github.com/cyw0ng95/v2e/cmd/v2broker/monitor/flamegraph.go:250.80,254.16 3 0
github.com/cyw0ng95/v2e/cmd/v2broker/monitor/flamegraph.go:254.16,256.3 1 0
github.com/cyw0ng95/v2e/cmd/v2broker/monitor/flamegraph.go:257.2,260.16 3 0
github.com/cyw0ng95/v2e/cmd/v2broker/monitor/flamegraph.go:260.16,262.3 1 0
github.com/cyw0ng95/v2e/cmd/v2broker/monitor/flamegraph.go:263.2,266.16 3 0
github.com/cyw0ng95/v2e/cmd/v2broker/monitor/flamegraph.go:266.16,268.3 1 0
github.com/cyw0ng95/v2e/cmd/v2broker/monitor/flamegraph.go:269.2,272.16 3 0
github.com/cyw0ng95/v2e/cmd/v2broker/monitor/flamegraph.go:272.16,274.3 1 0
github.com/cyw0ng95/v2e/cmd/v2broker/monitor/flamegraph.go:275.2,278.16 3 0
github.com/cyw0ng95/v2e/cmd/v2broker/monitor/flamegraph.go:278.16,280.3 1 0
github.com/cyw0ng95/v2e/cmd/v2broker/monitor/flamegraph.go:281.2,283.22 2 0
github.com/cyw0ng95/v2e/cmd/v2broker/monitor/flamegraph.go:286.49,288.2 1 0
github.com/cyw0ng95/v2e/cmd/v2broker/monitor/flamegraph.go:290.61,292.2 1 0
github.com/cyw0ng95/v2e/cmd/v2broker/monitor/flamegraph.go:294.31,297.2 2 0
github.com/cyw0ng95/v2e/cmd/v2broker/monitor/flamegraph.go:299.52,309.2 1 0
github.com/cyw0ng95/v2e/cmd/v2broker/mq/bus.go:46.51,52.2 1 6
github.com/cyw0ng95/v2e/cmd/v2broker/mq/bus.go:55.44,55.59 1 0
github.com/cyw0ng95/v2e/cmd/v2broker/mq/bus.go:58.31,58.51 1 0
github.com/cyw0ng95/v2e/cmd/v2broker/mq/bus.go:61.72,62.15 1 5
github.com/cyw0ng95/v2e/cmd/v2broker/mq/bus.go:62.15,63.31 1 5
github.com/cyw0ng95/v2e/cmd/v2broker/mq/bus.go:63.31,65.4 1 1
github.com/cyw0ng95/v2e/cmd/v2broker/mq/bus.go:67.2,67.9 1 5
github.com/cyw0ng95/v2e/cmd/v2broker/mq/bus.go:68.19,70.13 2 2
github.com/cyw0ng95/v2e/cmd/v2broker/mq/bus.go:71.20,72.19 1 1
github.com/cyw0ng95/v2e/cmd/v2broker/mq/bus.go:73.22,74.21 1 1
github.com/cyw0ng95/v2e/cmd/v2broker/mq/bus.go:79.47,80.15 1 0
github.com/cyw0ng95/v2e/cmd/v2broker/mq/bus.go:80.15,80.28 1 0
github.com/cyw0ng95/v2e/cmd/v2broker/mq/bus.go:81.2,81.9 1 0
github.com/cyw0ng95/v2e/cmd/v2broker/mq/bus.go:82.19,83.34 1 0
github.com/cyw0ng95/v2e/cmd/v2broker/mq/bus.go:84.22,84.22 0 0
github.com/cyw0ng95/v2e/cmd/v2broker/mq/bus.go:89.67,90.9 1 4
github.com/cyw0ng95/v2e/cmd/v2broker/mq/bus.go:91.25,92.10 1 3
github.com/cyw0ng95/v2e/cmd/v2broker/mq/bus.go:92.10,94.4 1 1
github.com/cyw0ng95/v2e/cmd/v2broker/mq/bus.go:95.3,96.18 2 2
github.com/cyw0ng95/v2e/cmd/v2broker/mq/bus.go:97.20,98.24 1 1
github.com/cyw0ng95/v2e/cmd/v2broker/mq/bus.go:99.22,100.26 1 0
github.com/cyw0ng95/v2e/cmd/v2broker/mq/bus.go:105.46,109.2 3 2
github.com/cyw0ng95/v2e/cmd/v2broker/mq/bus.go:112.63,116.38 4 1
github.com/cyw0ng95/v2e/cmd/v2broker/mq/bus.go:116.38,118.3 1 5
github.com/cyw0ng95/v2e/cmd/v2broker/mq/bus.go:119.2,119.12 1 1
github.com/cyw0ng95/v2e/cmd/v2broker/mq/bus.go:123.39,127.2 3 1
github.com/cyw0ng95/v2e/cmd/v2broker/mq/bus.go:130.54,132.2 1 3
github.com/cyw0ng95/v2e/cmd/v2broker/mq/bus.go:135.23,135.38 1 1
github.com/cyw0ng95/v2e/cmd/v2broker/mq/bus.go:138.37,140.2 1 2
github.com/cyw0ng95/v2e/cmd/v2broker/mq/bus.go:143.59,149.39 4 7
github.com/cyw0ng95/v2e/cmd/v2broker/mq/bus.go:149.39,151.3 1 2
github.com/cyw0ng95/v2e/cmd/v2broker/mq/bus.go:152.2,154.12 2 7
github.com/cyw0ng95/v2e/cmd/v2broker/mq/bus.go:154.12,156.3 1 3
github.com/cyw0ng95/v2e/cmd/v2broker/mq/bus.go:156.8,158.3 1 4
github.com/cyw0ng95/v2e/cmd/v2broker/mq/bus.go:160.2,160.18 1 7
github.com/cyw0ng95/v2e/cmd/v2broker/mq/bus.go:161.31,162.25 1 2
github.com/cyw0ng95/v2e/cmd/v2broker/mq/bus.go:163.32,164.26 1 1
github.com/cyw0ng95/v2e/cmd/v2broker/mq/bus.go:165.29,166.23 1 3
github.com/cyw0ng95/v2e/cmd/v2broker/mq/bus.go:167.29,168.23 1 1
github.com/cyw0ng95/v2e/cmd/v2broker/mq/bus.go:171.2,172.12 2 7
github.com/cyw0ng95/v2e/cmd/v2broker/mq/bus.go:172.12,174.3 1 3
github.com/cyw0ng95/v2e/cmd/v2broker/mq/bus.go:174.8,176.3 1 4
github.com/cyw0ng95/v2e/cmd/v2broker/mq/bus.go:178.2,178.18 1 7
github.com/cyw0ng95/v2e/cmd/v2broker/mq/bus.go:178.18,180.35 2 7
github.com/cyw0ng95/v2e/cmd/v2broker/mq/bus.go:180.35,182.4 1 7
github.com/cyw0ng95/v2e/cmd/v2broker/mq/bus.go:183.3,185.13 2 7
github.com/cyw0ng95/v2e/cmd/v2broker/mq/bus.go:185.13,187.4 1 3
github.com/cyw0ng95/v2e/cmd/v2broker/mq/bus.go:187.9,189.4 1 4
github.com/cyw0ng95/v2e/cmd/v2broker/mq/bus.go:191.3,191.19 1 7
github.com/cyw0ng95/v2e/cmd/v2broker/mq/bus.go:192.32,193.21 1 2
github.com/cyw0ng95/v2e/cmd/v2broker/mq/bus.go:194.33,195.22 1 1
github.com/cyw0ng95/v2e/cmd/v2broker/mq/bus.go:196.30,197.19 1 3
github.com/cyw0ng95/v2e/cmd/v2broker/mq/bus.go:198.30,199.19 1 1
github.com/cyw0ng95/v2e/cmd/v2broker/mq/bus.go:202.3,202.33 1 7
github.com/cyw0ng95/v2e/cmd/v2broker/perf/analysis_optimizer.go:92.69,116.2 1 0
github.com/cyw0ng95/v2e/cmd/v2broker/perf/analysis_optimizer.go:119.115,129.22 4 0
github.com/cyw0ng95/v2e/cmd/v2broker/perf/analysis_optimizer.go:129.22,131.3 1 0
github.com/cyw0ng95/v2e/cmd/v2broker/perf/analysis_optimizer.go:135.79,139.55 3 0
github.com/cyw0ng95/v2e/cmd/v2broker/perf/analysis_optimizer.go:139.55,143.3 3 0
github.com/cyw0ng95/v2e/cmd/v2broker/perf/analysis_optimizer.go:147.68,151.55 3 0
github.com/cyw0ng95/v2e/cmd/v2broker/perf/analysis_optimizer.go:151.55,153.3 1 0
github.com/cyw0ng95/v2e/cmd/v2broker/perf/analysis_optimizer.go:157.71,161.55 3 0
github.com/cyw0ng95/v2e/cmd/v2broker/perf/analysis_optimizer.go:161.55,162.33 1 0
github.com/cyw0ng95/v2e/cmd/v2broker/perf/analysis_optimizer.go:162.33,164.4 1 0
github.com/cyw0ng95/v2e/cmd/v2broker/perf/analysis_optimizer.go:169.78,174.13 4 0
github.com/cyw0ng95/v2e/cmd/v2broker/perf/analysis_optimizer.go:174.13,176.3 1 0
github.com/cyw0ng95/v2e/cmd/v2broker/perf/analysis_optimizer.go:179.2,180.29 2 0
github.com/cyw0ng95/v2e/cmd/v2broker/perf/analysis_optimizer.go:181.27,182.33 1 0
github.com/cyw0ng95/v2e/cmd/v2broker/perf/analysis_optimizer.go:183.27,184.33 1 0
github.com/cyw0ng95/v2e/cmd/v2broker/perf/analysis_optimizer.go:185.22,186.28 1 0
github.com/cyw0ng95/v2e/cmd/v2broker/perf/analysis_optimizer.go:187.10,188.19 1 0
github.com/cyw0ng95/v2e/cmd/v2broker/perf/analysis_optimizer.go:192.2,192.60 1 0
github.com/cyw0ng95/v2e/cmd/v2broker/perf/analysis_optimizer.go:192.60,194.3 1 0
github.com/cyw0ng95/v2e/cmd/v2broker/perf/analysis_optimizer.go:197.2,197.22 1 0
github.com/cyw0ng95/v2e/cmd/v2broker/perf/analysis_optimizer.go:197.22,199.3 1 0
github.com/cyw0ng95/v2e/cmd/v2broker/perf/analysis_optimizer.go:201.2,201.18 1 0
github.com/cyw0ng95/v2e/cmd/v2broker/perf/analysis_optimizer.go:205.64,214.38 6 0
github.com/cyw0ng95/v2e/cmd/v2broker/perf/analysis_optimizer.go:214.38,215.33 1 0
github.com/cyw0ng95/v2e/cmd/v2broker/perf/analysis_optimizer.go:215.33,216.31 1 0
github.com/cyw0ng95/v2e/cmd/v2broker/perf/analysis_optimizer.go:217.29,218.45 1 0
github.com/cyw0ng95/v2e/cmd/v2broker/perf/analysis_optimizer.go:219.29,220.45 1 0
github.com/cyw0ng95/v2e/cmd/v2broker/perf/analysis_optimizer.go:221.24,222.40 1 0
github.com/cyw0ng95/v2e/cmd/v2broker/perf/analysis_optimizer.go:228.2,231.47 2 0
github.com/cyw0ng95/v2e/cmd/v2broker/perf/analysis_optimizer.go:231.47,233.3 1 0
github.com/cyw0ng95/v2e/cmd/v2broker/perf/analysis_optimizer.go:236.2,236.42 1 0
github.com/cyw0ng95/v2e/cmd/v2broker/perf/analysis_optimizer.go:236.42,238.3 1 0
github.com/cyw0ng95/v2e/cmd/v2broker/perf/analysis_optimizer.go:241.2,241.65 1 0
github.com/cyw0ng95/v2e/cmd/v2broker/perf/analysis_optimizer.go:241.65,243.3 1 0
github.com/cyw0ng95/v2e/cmd/v2broker/perf/analysis_optimizer.go:245.2,245.38 1 0
github.com/cyw0ng95/v2e/cmd/v2broker/perf/analysis_optimizer.go:249.66,253.22 3 0
github.com/cyw0ng95/v2e/cmd/v2broker/perf/analysis_optimizer.go:253.22,255.3 1 0
github.com/cyw0ng95/v2e/cmd/v2broker/perf/analysis_optimizer.go:257.2,257.27 1 0
github.com/cyw0ng95/v2e/cmd/v2broker/perf/analysis_optimizer.go:258.27,259.37 1 0
github.com/cyw0ng95/v2e/cmd/v2broker/perf/analysis_optimizer.go:260.23,261.33 1 0
github.com/cyw0ng95/v2e/cmd/v2broker/perf/analysis_optimizer.go:262.22,263.32 1 0
github.com/cyw0ng95/v2e/cmd/v2broker/perf/analysis_optimizer.go:268.71,269.37 1 0
github.com/cyw0ng95/v2e/cmd/v2broker/perf/analysis_optimizer.go:269.37,270.19 1 0
github.com/cyw0ng95/v2e/cmd/v2broker/perf/analysis_optimizer.go:271.37,278.24 5 0
github.com/cyw0ng95/v2e/cmd/v2broker/perf/analysis_optimizer.go:278.24,280.5 1 0
github.com/cyw0ng95/v2e/cmd/v2broker/perf/analysis_optimizer.go:282.32,287.50 4 0
github.com/cyw0ng95/v2e/cmd/v2broker/perf/analysis_optimizer.go:289.32,296.24 5 0
github.com/cyw0ng95/v2e/cmd/v2broker/perf/analysis_optimizer.go:296.24,298.5 1 0
github.com/cyw0ng95/v2e/cmd/v2broker/perf/analysis_optimizer.go:304.67,310.22 4 0
github.com/cyw0ng95/v2e/cmd/v2broker/perf/analysis_optimizer.go:310.22,315.3 1 0
github.com/cyw0ng95/v2e/cmd/v2broker/perf/analysis_optimizer.go:319.66,325.42 4 0
github.com/cyw0ng95/v2e/cmd/v2broker/perf/analysis_optimizer.go:325.42,327.3 1 0
github.com/cyw0ng95/v2e/cmd/v2broker/perf/analysis_optimizer.go:329.2,329.22 1 0
github.com/cyw0ng95/v2e/cmd/v2broker/perf/analysis_optimizer.go:329.22,334.3 1 0
github.com/cyw0ng95/v2e/cmd/v2broker/perf/analysis_optimizer.go:338.47,349.22 9 0
github.com/cyw0ng95/v2e/cmd/v2broker/perf/analysis_optimizer.go:349.22,351.3 1 0
github.com/cyw0ng95/v2e/cmd/v2broker/perf/analysis_optimizer.go:355.70,361.32 4 0
github.com/cyw0ng95/v2e/cmd/v2broker/perf/analysis_optimizer.go:361.32,364.3 2 0
github.com/cyw0ng95/v2e/cmd/v2broker/perf/analysis_optimizer.go:365.2,365.15 1 0
github.com/cyw0ng95/v2e/cmd/v2broker/perf/analysis_optimizer.go:369.71,374.22 4 0
github.com/cyw0ng95/v2e/cmd/v2broker/perf/analysis_optimizer.go:374.22,376.3 1 0
github.com/cyw0ng95/v2e/cmd/v2broker/perf/batch_predictor.go:65.85,66.18 1 16
github.com/cyw0ng95/v2e/cmd/v2broker/perf/batch_predictor.go:66.18,68.3 1 1
github.com/cyw0ng95/v2e/cmd/v2broker/perf/batch_predictor.go:69.2,69.25 1 16
github.com/cyw0ng95/v2e/cmd/v2broker/perf/batch_predictor.go:69.25,71.3 1 1
github.com/cyw0ng95/v2e/cmd/v2broker/perf/batch_predictor.go:72.2,72.23 1 16
github.com/cyw0ng95/v2e/cmd/v2broker/perf/batch_predictor.go:72.23,74.3 1 2
github.com/cyw0ng95/v2e/cmd/v2broker/perf/batch_predictor.go:76.2,89.3 1 16
github.com/cyw0ng95/v2e/cmd/v2broker/perf/batch_predictor.go:93.114,108.48 6 1058
github.com/cyw0ng95/v2e/cmd/v2broker/perf/batch_predictor.go:108.48,110.3 1 900
github.com/cyw0ng95/v2e/cmd/v2broker/perf/batch_predictor.go:112.2,117.55 2 1058
github.com/cyw0ng95/v2e/cmd/v2broker/perf/batch_predictor.go:117.55,119.3 1 900
github.com/cyw0ng95/v2e/cmd/v2broker/perf/batch_predictor.go:121.2,126.52 2 1058
github.com/cyw0ng95/v2e/cmd/v2broker/perf/batch_predictor.go:126.52,128.3 1 900
github.com/cyw0ng95/v2e/cmd/v2broker/perf/batch_predictor.go:130.2,130.21 1 1058
github.com/cyw0ng95/v2e/cmd/v2broker/perf/batch_predictor.go:134.48,135.52 1 1059
github.com/cyw0ng95/v2e/cmd/v2broker/perf/batch_predictor.go:135.52,137.3 1 64
github.com/cyw0ng95/v2e/cmd/v2broker/perf/batch_predictor.go:139.2,145.35 5 995
github.com/cyw0ng95/v2e/cmd/v2broker/perf/batch_predictor.go:145.35,148.17 3 8955
github.com/cyw0ng95/v2e/cmd/v2broker/perf/batch_predictor.go:148.17,150.4 1 306
github.com/cyw0ng95/v2e/cmd/v2broker/perf/batch_predictor.go:150.9,150.24 1 8649
github.com/cyw0ng95/v2e/cmd/v2broker/perf/batch_predictor.go:150.24,152.4 1 135
github.com/cyw0ng95/v2e/cmd/v2broker/perf/batch_predictor.go:155.2,158.39 3 995
github.com/cyw0ng95/v2e/cmd/v2broker/perf/batch_predictor.go:158.39,161.3 2 242
github.com/cyw0ng95/v2e/cmd/v2broker/perf/batch_predictor.go:161.8,161.46 1 753
github.com/cyw0ng95/v2e/cmd/v2broker/perf/batch_predictor.go:161.46,164.3 2 118
github.com/cyw0ng95/v2e/cmd/v2broker/perf/batch_predictor.go:168.55,172.47 3 3
github.com/cyw0ng95/v2e/cmd/v2broker/perf/batch_predictor.go:172.47,174.3 1 1
github.com/cyw0ng95/v2e/cmd/v2broker/perf/batch_predictor.go:176.2,178.38 2 2
github.com/cyw0ng95/v2e/cmd/v2broker/perf/batch_predictor.go:178.38,180.3 1 0
github.com/cyw0ng95/v2e/cmd/v2broker/perf/batch_predictor.go:180.8,180.45 1 2
github.com/cyw0ng95/v2e/cmd/v2broker/perf/batch_predictor.go:180.45,182.3 1 0
github.com/cyw0ng95/v2e/cmd/v2broker/perf/batch_predictor.go:184.2,185.22 2 2
github.com/cyw0ng95/v2e/cmd/v2broker/perf/batch_predictor.go:189.64,204.38 4 2
github.com/cyw0ng95/v2e/cmd/v2broker/perf/batch_predictor.go:204.38,205.24 1 8
github.com/cyw0ng95/v2e/cmd/v2broker/perf/batch_predictor.go:205.24,208.4 2 8
github.com/cyw0ng95/v2e/cmd/v2broker/perf/batch_predictor.go:211.2,211.22 1 2
github.com/cyw0ng95/v2e/cmd/v2broker/perf/batch_predictor.go:211.22,213.3 1 0
github.com/cyw0ng95/v2e/cmd/v2broker/perf/batch_predictor.go:215.2,215.39 1 2
github.com/cyw0ng95/v2e/cmd/v2broker/perf/batch_predictor.go:219.62,220.52 1 3
github.com/cyw0ng95/v2e/cmd/v2broker/perf/batch_predictor.go:220.52,222.3 1 0
github.com/cyw0ng95/v2e/cmd/v2broker/perf/batch_predictor.go:224.2,228.47 4 3
github.com/cyw0ng95/v2e/cmd/v2broker/perf/batch_predictor.go:228.47,230.3 1 110
github.com/cyw0ng95/v2e/cmd/v2broker/perf/batch_predictor.go:232.2,232.50 1 3
github.com/cyw0ng95/v2e/cmd/v2broker/perf/batch_predictor.go:232.50,234.37 2 11
github.com/cyw0ng95/v2e/cmd/v2broker/perf/batch_predictor.go:234.37,237.4 2 7
github.com/cyw0ng95/v2e/cmd/v2broker/perf/batch_predictor.go:240.2,240.17 1 3
github.com/cyw0ng95/v2e/cmd/v2broker/perf/batch_predictor.go:244.59,245.49 1 3
github.com/cyw0ng95/v2e/cmd/v2broker/perf/batch_predictor.go:245.49,247.3 1 0
github.com/cyw0ng95/v2e/cmd/v2broker/perf/batch_predictor.go:249.2,253.44 4 3
github.com/cyw0ng95/v2e/cmd/v2broker/perf/batch_predictor.go:253.44,255.3 1 110
github.com/cyw0ng95/v2e/cmd/v2broker/perf/batch_predictor.go:257.2,257.45 1 3
github.com/cyw0ng95/v2e/cmd/v2broker/perf/batch_predictor.go:257.45,259.31 2 11
github.com/cyw0ng95/v2e/cmd/v2broker/perf/batch_predictor.go:259.31,262.4 2 4
github.com/cyw0ng95/v2e/cmd/v2broker/perf/batch_predictor.go:265.2,265.17 1 3
github.com/cyw0ng95/v2e/cmd/v2broker/perf/batch_predictor.go:269.55,270.47 1 3
github.com/cyw0ng95/v2e/cmd/v2broker/perf/batch_predictor.go:270.47,272.3 1 2
github.com/cyw0ng95/v2e/cmd/v2broker/perf/batch_predictor.go:274.2,279.32 4 1
github.com/cyw0ng95/v2e/cmd/v2broker/perf/batch_predictor.go:279.32,281.54 2 10
github.com/cyw0ng95/v2e/cmd/v2broker/perf/batch_predictor.go:281.54,283.4 1 10
github.com/cyw0ng95/v2e/cmd/v2broker/perf/batch_predictor.go:286.2,289.38 3 1
github.com/cyw0ng95/v2e/cmd/v2broker/perf/batch_predictor.go:289.38,290.16 1 1
github.com/cyw0ng95/v2e/cmd/v2broker/perf/batch_predictor.go:290.16,292.37 2 1
github.com/cyw0ng95/v2e/cmd/v2broker/perf/batch_predictor.go:292.37,295.5 2 1
github.com/cyw0ng95/v2e/cmd/v2broker/perf/batch_predictor.go:299.2,299.17 1 1
github.com/cyw0ng95/v2e/cmd/v2broker/perf/batch_predictor.go:303.53,304.31 1 3
github.com/cyw0ng95/v2e/cmd/v2broker/perf/batch_predictor.go:304.31,306.3 1 2
github.com/cyw0ng95/v2e/cmd/v2broker/perf/batch_predictor.go:308.2,309.41 2 1
github.com/cyw0ng95/v2e/cmd/v2broker/perf/batch_predictor.go:309.41,311.3 1 0
github.com/cyw0ng95/v2e/cmd/v2broker/perf/batch_predictor.go:313.2,315.32 2 1
github.com/cyw0ng95/v2e/cmd/v2broker/perf/batch_predictor.go:315.32,317.3 1 0
github.com/cyw0ng95/v2e/cmd/v2broker/perf/batch_predictor.go:318.2,318.32 1 1
github.com/cyw0ng95/v2e/cmd/v2broker/perf/batch_predictor.go:318.32,320.3 1 0
github.com/cyw0ng95/v2e/cmd/v2broker/perf/batch_predictor.go:322.2,322.16 1 1
github.com/cyw0ng95/v2e/cmd/v2broker/perf/batch_predictor.go:326.66,327.22 1 12
github.com/cyw0ng95/v2e/cmd/v2broker/perf/batch_predictor.go:327.22,329.3 1 0
github.com/cyw0ng95/v2e/cmd/v2broker/perf/batch_predictor.go:330.2,331.27 2 12
github.com/cyw0ng95/v2e/cmd/v2broker/perf/batch_predictor.go:331.27,333.3 1 115
github.com/cyw0ng95/v2e/cmd/v2broker/perf/batch_predictor.go:334.2,334.35 1 12
github.com/cyw0ng95/v2e/cmd/v2broker/perf/batch_predictor.go:338.86,339.22 1 12
github.com/cyw0ng95/v2e/cmd/v2broker/perf/batch_predictor.go:339.22,341.3 1 0
github.com/cyw0ng95/v2e/cmd/v2broker/perf/batch_predictor.go:342.2,343.27 2 12
github.com/cyw0ng95/v2e/cmd/v2broker/perf/batch_predictor.go:343.27,345.3 1 113
github.com/cyw0ng95/v2e/cmd/v2broker/perf/batch_predictor.go:346.2,346.41 1 12
github.com/cyw0ng95/v2e/cmd/v2broker/perf/batch_predictor.go:350.58,354.2 3 3
github.com/cyw0ng95/v2e/cmd/v2broker/perf/batch_predictor.go:357.73,361.2 3 1
github.com/cyw0ng95/v2e/cmd/v2broker/perf/batch_predictor.go:364.40,374.2 8 1
github.com/cyw0ng95/v2e/cmd/v2broker/perf/metrics.go:41.78,42.23 1 11
github.com/cyw0ng95/v2e/cmd/v2broker/perf/metrics.go:42.23,44.3 1 1
github.com/cyw0ng95/v2e/cmd/v2broker/perf/metrics.go:45.2,45.25 1 11
github.com/cyw0ng95/v2e/cmd/v2broker/perf/metrics.go:45.25,47.3 1 1
github.com/cyw0ng95/v2e/cmd/v2broker/perf/metrics.go:49.2,55.3 1 11
github.com/cyw0ng95/v2e/cmd/v2broker/perf/metrics.go:59.66,65.2 4 218
github.com/cyw0ng95/v2e/cmd/v2broker/perf/metrics.go:68.45,74.2 4 202
github.com/cyw0ng95/v2e/cmd/v2broker/perf/metrics.go:77.43,83.2 4 11
github.com/cyw0ng95/v2e/cmd/v2broker/perf/metrics.go:86.52,91.2 3 4
github.com/cyw0ng95/v2e/cmd/v2broker/perf/metrics.go:94.42,96.30 2 213
github.com/cyw0ng95/v2e/cmd/v2broker/perf/metrics.go:96.30,100.3 3 0
github.com/cyw0ng95/v2e/cmd/v2broker/perf/metrics.go:104.59,114.32 6 103
github.com/cyw0ng95/v2e/cmd/v2broker/perf/metrics.go:114.32,115.14 1 100300
github.com/cyw0ng95/v2e/cmd/v2broker/perf/metrics.go:115.14,117.4 1 7466
github.com/cyw0ng95/v2e/cmd/v2broker/perf/metrics.go:120.2,120.21 1 103
github.com/cyw0ng95/v2e/cmd/v2broker/perf/metrics.go:120.21,122.3 1 1
github.com/cyw0ng95/v2e/cmd/v2broker/perf/metrics.go:125.2,129.28 3 102
github.com/cyw0ng95/v2e/cmd/v2broker/perf/metrics.go:129.28,131.3 1 0
github.com/cyw0ng95/v2e/cmd/v2broker/perf/metrics.go:133.2,133.24 1 102
github.com/cyw0ng95/v2e/cmd/v2broker/perf/metrics.go:137.59,141.28 3 104
github.com/cyw0ng95/v2e/cmd/v2broker/perf/metrics.go:141.28,143.3 1 0
github.com/cyw0ng95/v2e/cmd/v2broker/perf/metrics.go:145.2,145.73 1 104
github.com/cyw0ng95/v2e/cmd/v2broker/perf/metrics.go:149.54,154.18 4 102
github.com/cyw0ng95/v2e/cmd/v2broker/perf/metrics.go:154.18,156.3 1 0
github.com/cyw0ng95/v2e/cmd/v2broker/perf/metrics.go:158.2,158.43 1 102
github.com/cyw0ng95/v2e/cmd/v2broker/perf/metrics.go:162.52,167.18 4 102
github.com/cyw0ng95/v2e/cmd/v2broker/perf/metrics.go:167.18,169.3 1 0
github.com/cyw0ng95/v2e/cmd/v2broker/perf/metrics.go:171.2,171.41 1 102
github.com/cyw0ng95/v2e/cmd/v2broker/perf/metrics.go:175.124,189.2 3 101
github.com/cyw0ng95/v2e/cmd/v2broker/perf/metrics.go:193.41,194.32 1 103
github.com/cyw0ng95/v2e/cmd/v2broker/perf/metrics.go:194.32,197.30 3 7368
github.com/cyw0ng95/v2e/cmd/v2broker/perf/metrics.go:197.30,200.4 2 4
github.com/cyw0ng95/v2e/cmd/v2broker/perf/metrics.go:201.3,201.17 1 7368
github.com/cyw0ng95/v2e/cmd/v2broker/perf/optimizer.go:26.44,30.2 1 0
github.com/cyw0ng95/v2e/cmd/v2broker/perf/optimizer.go:33.62,38.13 4 0
github.com/cyw0ng95/v2e/cmd/v2broker/perf/optimizer.go:38.13,40.3 1 0
github.com/cyw0ng95/v2e/cmd/v2broker/perf/optimizer.go:42.2,42.9 1 0
github.com/cyw0ng95/v2e/cmd/v2broker/perf/optimizer.go:43.17,44.13 1 0
github.com/cyw0ng95/v2e/cmd/v2broker/perf/optimizer.go:45.44,46.47 1 0
github.com/cyw0ng95/v2e/cmd/v2broker/perf/optimizer.go:58.69,60.24 2 0
github.com/cyw0ng95/v2e/cmd/v2broker/perf/optimizer.go:60.24,62.3 1 0
github.com/cyw0ng95/v2e/cmd/v2broker/perf/optimizer.go:64.2,67.3 1 0
github.com/cyw0ng95/v2e/cmd/v2broker/perf/optimizer.go:71.62,77.9 4 0
github.com/cyw0ng95/v2e/cmd/v2broker/perf/optimizer.go:78.29,78.29 0 0
github.com/cyw0ng95/v2e/cmd/v2broker/perf/optimizer.go:80.10,82.20 1 0
github.com/cyw0ng95/v2e/cmd/v2broker/perf/optimizer.go:87.63,88.27 1 0
github.com/cyw0ng95/v2e/cmd/v2broker/perf/optimizer.go:88.27,89.10 1 0
github.com/cyw0ng95/v2e/cmd/v2broker/perf/optimizer.go:90.28,92.10 1 0
github.com/cyw0ng95/v2e/cmd/v2broker/perf/optimizer.go:93.11,93.11 0 0
github.com/cyw0ng95/v2e/cmd/v2broker/perf/optimizer.go:98.2,98.21 1 0
github.com/cyw0ng95/v2e/cmd/v2broker/perf/optimizer.go:164.50,166.56 1 0
github.com/cyw0ng95/v2e/cmd/v2broker/perf/optimizer.go:166.56,169.36 2 0
github.com/cyw0ng95/v2e/cmd/v2broker/perf/optimizer.go:169.36,171.4 1 0
github.com/cyw0ng95/v2e/cmd/v2broker/perf/optimizer.go:174.3,175.55 2 0
github.com/cyw0ng95/v2e/cmd/v2broker/perf/optimizer.go:175.55,177.37 2 0
github.com/cyw0ng95/v2e/cmd/v2broker/perf/optimizer.go:177.37,179.5 1 0
github.com/cyw0ng95/v2e/cmd/v2broker/perf/optimizer.go:180.4,183.30 2 0
github.com/cyw0ng95/v2e/cmd/v2broker/perf/optimizer.go:185.3,185.26 1 0
github.com/cyw0ng95/v2e/cmd/v2broker/perf/optimizer.go:189.2,189.19 1 0
github.com/cyw0ng95/v2e/cmd/v2broker/perf/optimizer.go:192.46,195.59 2 0
github.com/cyw0ng95/v2e/cmd/v2broker/perf/optimizer.go:195.59,196.31 1 0
github.com/cyw0ng95/v2e/cmd/v2broker/perf/optimizer.go:196.31,199.23 1 0
github.com/cyw0ng95/v2e/cmd/v2broker/perf/optimizer.go:199.23,201.5 1 0
github.com/cyw0ng95/v2e/cmd/v2broker/perf/optimizer.go:205.2,205.58 1 0
github.com/cyw0ng95/v2e/cmd/v2broker/perf/optimizer.go:205.58,206.34 1 0
github.com/cyw0ng95/v2e/cmd/v2broker/perf/optimizer.go:206.34,207.23 1 0
github.com/cyw0ng95/v2e/cmd/v2broker/perf/optimizer.go:207.23,209.5 1 0
github.com/cyw0ng95/v2e/cmd/v2broker/perf/optimizer.go:212.4,212.36 1 0
github.com/cyw0ng95/v2e/cmd/v2broker/perf/optimizer.go:216.2,216.54 1 0
github.com/cyw0ng95/v2e/cmd/v2broker/perf/optimizer.go:216.54,218.22 2 0
github.com/cyw0ng95/v2e/cmd/v2broker/perf/optimizer.go:218.22,220.4 1 0
github.com/cyw0ng95/v2e/cmd/v2broker/perf/optimizer.go:223.2,223.72 1 0
github.com/cyw0ng95/v2e/cmd/v2broker/perf/optimizer.go:223.72,225.22 2 0
github.com/cyw0ng95/v2e/cmd/v2broker/perf/optimizer.go:225.22,227.4 1 0
github.com/cyw0ng95/v2e/cmd/v2broker/perf/optimizer.go:231.2,231.58 1 0
github.com/cyw0ng95/v2e/cmd/v2broker/perf/optimizer.go:231.58,233.40 2 0
github.com/cyw0ng95/v2e/cmd/v2broker/perf/optimizer.go:233.40,234.23 1 0
github.com/cyw0ng95/v2e/cmd/v2broker/perf/optimizer.go:234.23,236.5 1 0
github.com/cyw0ng95/v2e/cmd/v2broker/perf/optimizer.go:237.4,237.36 1 0
github.com/cyw0ng95/v2e/cmd/v2broker/perf/optimizer.go:242.53,245.29 2 0
github.com/cyw0ng95/v2e/cmd/v2broker/perf/optimizer.go:245.29,247.44 1 0
github.com/cyw0ng95/v2e/cmd/v2broker/perf/optimizer.go:247.44,250.4 2 0
github.com/cyw0ng95/v2e/cmd/v2broker/perf/optimizer.go:251.3,251.26 1 0
github.com/cyw0ng95/v2e/cmd/v2broker/perf/optimizer.go:252.8,252.36 1 0
github.com/cyw0ng95/v2e/cmd/v2broker/perf/optimizer.go:252.36,255.22 1 0
github.com/cyw0ng95/v2e/cmd/v2broker/perf/optimizer.go:255.22,257.4 1 0
github.com/cyw0ng95/v2e/cmd/v2broker/perf/optimizer.go:265.27,269.16 2 2
github.com/cyw0ng95/v2e/cmd/v2broker/perf/optimizer.go:269.17,272.3 0 0
github.com/cyw0ng95/v2e/cmd/v2broker/perf/optimizer.go:277.35,279.17 2 4
github.com/cyw0ng95/v2e/cmd/v2broker/perf/optimizer.go:279.17,281.3 1 0
github.com/cyw0ng95/v2e/cmd/v2broker/perf/optimizer.go:284.2,296.16 7 4
github.com/cyw0ng95/v2e/cmd/v2broker/perf/optimizer.go:296.17,299.3 0 0
github.com/cyw0ng95/v2e/cmd/v2broker/perf/optimizer.go:304.22,321.16 5 3
github.com/cyw0ng95/v2e/cmd/v2broker/perf/optimizer.go:321.17,323.3 0 0
github.com/cyw0ng95/v2e/cmd/v2broker/perf/optimizer.go:326.44,331.11 3 0
github.com/cyw0ng95/v2e/cmd/v2broker/perf/optimizer.go:331.11,333.3 1 0
github.com/cyw0ng95/v2e/cmd/v2broker/perf/optimizer.go:334.2,351.38 4 0
github.com/cyw0ng95/v2e/cmd/v2broker/perf/optimizer.go:351.38,354.3 2 0
github.com/cyw0ng95/v2e/cmd/v2broker/perf/optimizer.go:355.2,355.12 1 0
github.com/cyw0ng95/v2e/cmd/v2broker/perf/optimizer.go:371.29,373.11 2 1
github.com/cyw0ng95/v2e/cmd/v2broker/perf/optimizer.go:373.11,375.3 1 1
github.com/cyw0ng95/v2e/cmd/v2broker/perf/optimizer.go:376.2,385.3 1 1
github.com/cyw0ng95/v2e/cmd/v2broker/perf/optimizer.go:389.66,392.24 2 1
github.com/cyw0ng95/v2e/cmd/v2broker/perf/optimizer.go:392.24,394.3 1 0
github.com/cyw0ng95/v2e/cmd/v2broker/perf/optimizer.go:395.2,395.25 1 1
github.com/cyw0ng95/v2e/cmd/v2broker/perf/optimizer.go:395.25,397.3 1 0
github.com/cyw0ng95/v2e/cmd/v2broker/perf/optimizer.go:398.2,398.28 1 1
github.com/cyw0ng95/v2e/cmd/v2broker/perf/optimizer.go:398.28,400.3 1 0
github.com/cyw0ng95/v2e/cmd/v2broker/perf/optimizer.go:401.2,401.27 1 1
github.com/cyw0ng95/v2e/cmd/v2broker/perf/optimizer.go:401.27,403.3 1 0
github.com/cyw0ng95/v2e/cmd/v2broker/perf/optimizer.go:404.2,404.24 1 1
github.com/cyw0ng95/v2e/cmd/v2broker/perf/optimizer.go:404.24,406.3 1 0
github.com/cyw0ng95/v2e/cmd/v2broker/perf/optimizer.go:407.2,407.28 1 1
github.com/cyw0ng95/v2e/cmd/v2broker/perf/optimizer.go:407.28,409.3 1 0
github.com/cyw0ng95/v2e/cmd/v2broker/perf/optimizer.go:410.2,410.29 1 1
github.com/cyw0ng95/v2e/cmd/v2broker/perf/optimizer.go:410.29,412.3 1 1
github.com/cyw0ng95/v2e/cmd/v2broker/perf/optimizer.go:415.2,438.38 5 1
github.com/cyw0ng95/v2e/cmd/v2broker/perf/optimizer.go:438.38,441.3 2 2
github.com/cyw0ng95/v2e/cmd/v2broker/perf/optimizer.go:442.2,442.12 1 1
github.com/cyw0ng95/v2e/cmd/v2broker/perf/optimizer.go:447.202,457.2 1 0
github.com/cyw0ng95/v2e/cmd/v2broker/perf/optimizer.go:459.36,461.15 2 2
github.com/cyw0ng95/v2e/cmd/v2broker/perf/optimizer.go:461.15,462.31 1 2
github.com/cyw0ng95/v2e/cmd/v2broker/perf/optimizer.go:462.31,463.23 1 0
github.com/cyw0ng95/v2e/cmd/v2broker/perf/optimizer.go:463.23,465.5 1 0
github.com/cyw0ng95/v2e/cmd/v2broker/perf/optimizer.go:471.2,480.6 5 2
github.com/cyw0ng95/v2e/cmd/v2broker/perf/optimizer.go:480.6,483.10 2 7
github.com/cyw0ng95/v2e/cmd/v2broker/perf/optimizer.go:484.37,488.24 2 5
github.com/cyw0ng95/v2e/cmd/v2broker/perf/optimizer.go:488.24,490.5 1 5
github.com/cyw0ng95/v2e/cmd/v2broker/perf/optimizer.go:491.23,492.10 1 2
github.com/cyw0ng95/v2e/cmd/v2broker/perf/optimizer.go:496.3,496.22 1 5
github.com/cyw0ng95/v2e/cmd/v2broker/perf/optimizer.go:496.22,499.33 2 0
github.com/cyw0ng95/v2e/cmd/v2broker/perf/optimizer.go:499.33,500.12 1 0
github.com/cyw0ng95/v2e/cmd/v2broker/perf/optimizer.go:501.39,505.26 2 0
github.com/cyw0ng95/v2e/cmd/v2broker/perf/optimizer.go:505.26,507.7 1 0
github.com/cyw0ng95/v2e/cmd/v2broker/perf/optimizer.go:508.6,508.35 1 0
github.com/cyw0ng95/v2e/cmd/v2broker/perf/optimizer.go:508.35,509.24 1 0
github.com/cyw0ng95/v2e/cmd/v2broker/perf/optimizer.go:511.23,513.23 1 0
github.com/cyw0ng95/v2e/cmd/v2broker/perf/optimizer.go:514.25,516.12 2 0
github.com/cyw0ng95/v2e/cmd/v2broker/perf/optimizer.go:519.4,519.24 1 0
github.com/cyw0ng95/v2e/cmd/v2broker/perf/optimizer.go:519.24,520.12 1 0
github.com/cyw0ng95/v2e/cmd/v2broker/perf/optimizer.go:521.23,521.23 0 0
github.com/cyw0ng95/v2e/cmd/v2broker/perf/optimizer.go:522.13,522.13 0 0
github.com/cyw0ng95/v2e/cmd/v2broker/perf/optimizer.go:528.3,529.29 2 5
github.com/cyw0ng95/v2e/cmd/v2broker/perf/optimizer.go:529.29,530.30 1 5
github.com/cyw0ng95/v2e/cmd/v2broker/perf/optimizer.go:530.30,532.5 1 0
github.com/cyw0ng95/v2e/cmd/v2broker/perf/optimizer.go:532.10,534.5 1 5
github.com/cyw0ng95/v2e/cmd/v2broker/perf/optimizer.go:535.4,535.29 1 5
github.com/cyw0ng95/v2e/cmd/v2broker/perf/optimizer.go:537.3,540.23 2 5
github.com/cyw0ng95/v2e/cmd/v2broker/perf/optimizer.go:540.23,542.22 1 5
github.com/cyw0ng95/v2e/cmd/v2broker/perf/optimizer.go:542.22,545.5 2 5
github.com/cyw0ng95/v2e/cmd/v2broker/perf/optimizer.go:549.3,549.77 1 5
github.com/cyw0ng95/v2e/cmd/v2broker/perf/optimizer.go:549.77,553.45 3 0
github.com/cyw0ng95/v2e/cmd/v2broker/perf/optimizer.go:553.45,555.5 1 0
github.com/cyw0ng95/v2e/cmd/v2broker/perf/optimizer.go:561.49,563.2 1 0
github.com/cyw0ng95/v2e/cmd/v2broker/perf/optimizer.go:565.64,566.10 1 5
github.com/cyw0ng95/v2e/cmd/v2broker/perf/optimizer.go:566.10,568.3 1 5
github.com/cyw0ng95/v2e/cmd/v2broker/perf/optimizer.go:568.8,570.3 1 0
github.com/cyw0ng95/v2e/cmd/v2broker/perf/optimizer.go:571.2,571.18 1 5
github.com/cyw0ng95/v2e/cmd/v2broker/perf/optimizer.go:572.31,573.38 1 5
github.com/cyw0ng95/v2e/cmd/v2broker/perf/optimizer.go:574.32,575.39 1 0
github.com/cyw0ng95/v2e/cmd/v2broker/perf/optimizer.go:576.29,577.36 1 0
github.com/cyw0ng95/v2e/cmd/v2broker/perf/optimizer.go:578.29,579.36 1 0
github.com/cyw0ng95/v2e/cmd/v2broker/perf/optimizer.go:585.51,587.22 1 5
github.com/cyw0ng95/v2e/cmd/v2broker/perf/optimizer.go:587.22,590.3 2 5
github.com/cyw0ng95/v2e/cmd/v2broker/perf/optimizer.go:592.2,592.23 1 5
github.com/cyw0ng95/v2e/cmd/v2broker/perf/optimizer.go:593.15,596.14 2 0
github.com/cyw0ng95/v2e/cmd/v2broker/perf/optimizer.go:597.17,599.26 1 0
github.com/cyw0ng95/v2e/cmd/v2broker/perf/optimizer.go:599.26,601.11 1 0
github.com/cyw0ng95/v2e/cmd/v2broker/perf/optimizer.go:602.36,603.16 1 0
github.com/cyw0ng95/v2e/cmd/v2broker/perf/optimizer.go:604.12,606.17 2 0
github.com/cyw0ng95/v2e/cmd/v2broker/perf/optimizer.go:609.3,611.10 3 0
github.com/cyw0ng95/v2e/cmd/v2broker/perf/optimizer.go:612.35,613.15 1 0
github.com/cyw0ng95/v2e/cmd/v2broker/perf/optimizer.go:614.18,616.16 2 0
github.com/cyw0ng95/v2e/cmd/v2broker/perf/optimizer.go:618.21,620.10 1 0
github.com/cyw0ng95/v2e/cmd/v2broker/perf/optimizer.go:621.35,622.15 1 0
github.com/cyw0ng95/v2e/cmd/v2broker/perf/optimizer.go:623.11,625.11 1 0
github.com/cyw0ng95/v2e/cmd/v2broker/perf/optimizer.go:626.31,627.43 1 0
github.com/cyw0ng95/v2e/cmd/v2broker/perf/optimizer.go:628.12,628.12 0 0
github.com/cyw0ng95/v2e/cmd/v2broker/perf/optimizer.go:631.4,631.11 1 0
github.com/cyw0ng95/v2e/cmd/v2broker/perf/optimizer.go:632.36,633.16 1 0
github.com/cyw0ng95/v2e/cmd/v2broker/perf/optimizer.go:634.12,636.17 2 0
github.com/cyw0ng95/v2e/cmd/v2broker/perf/optimizer.go:639.10,641.10 1 5
github.com/cyw0ng95/v2e/cmd/v2broker/perf/optimizer.go:642.35,643.15 1 5
github.com/cyw0ng95/v2e/cmd/v2broker/perf/optimizer.go:644.11,646.16 2 0
github.com/cyw0ng95/v2e/cmd/v2broker/perf/optimizer.go:651.54,656.36 5 0
github.com/cyw0ng95/v2e/cmd/v2broker/perf/optimizer.go:656.36,658.13 2 0
github.com/cyw0ng95/v2e/cmd/v2broker/perf/optimizer.go:658.13,661.4 2 0
github.com/cyw0ng95/v2e/cmd/v2broker/perf/optimizer.go:663.2,673.3 4 0
github.com/cyw0ng95/v2e/cmd/v2broker/perf/optimizer.go:676.28,678.22 1 1
github.com/cyw0ng95/v2e/cmd/v2broker/perf/optimizer.go:678.22,680.3 1 1
github.com/cyw0ng95/v2e/cmd/v2broker/perf/optimizer.go:683.2,689.30 3 1
github.com/cyw0ng95/v2e/cmd/v2broker/perf/optimizer.go:689.30,691.3 1 1
github.com/cyw0ng95/v2e/cmd/v2broker/perf/optimizer.go:695.65,697.21 2 0
github.com/cyw0ng95/v2e/cmd/v2broker/perf/optimizer.go:697.21,699.3 1 0
github.com/cyw0ng95/v2e/cmd/v2broker/perf/optimizer.go:703.63,705.2 1 0
github.com/cyw0ng95/v2e/cmd/v2broker/perf/optimizer.go:708.44,709.32 1 0
github.com/cyw0ng95/v2e/cmd/v2broker/perf/optimizer.go:709.32,710.22 1 0
github.com/cyw0ng95/v2e/cmd/v2broker/perf/optimizer.go:710.22,712.4 1 0
github.com/cyw0ng95/v2e/cmd/v2broker/perf/optimizer.go:713.3,713.9 1 0
github.com/cyw0ng95/v2e/cmd/v2broker/perf/optimizer.go:716.2,716.21 1 0
github.com/cyw0ng95/v2e/cmd/v2broker/perf/optimizer.go:716.21,718.3 1 0
github.com/cyw0ng95/v2e/cmd/v2broker/perf/optimizer.go:720.2,720.28 1 0
github.com/cyw0ng95/v2e/cmd/v2broker/perf/optimizer.go:724.43,728.6 3 0
github.com/cyw0ng95/v2e/cmd/v2broker/perf/optimizer.go:728.6,729.10 1 0
github.com/cyw0ng95/v2e/cmd/v2broker/perf/optimizer.go:730.19,731.83 1 0
github.com/cyw0ng95/v2e/cmd/v2broker/perf/optimizer.go:731.83,733.5 1 0
github.com/cyw0ng95/v2e/cmd/v2broker/perf/optimizer.go:733.10,736.5 1 0
github.com/cyw0ng95/v2e/cmd/v2broker/perf/optimizer.go:737.23,738.23 1 0
github.com/cyw0ng95/v2e/cmd/v2broker/perf/optimizer.go:738.23,740.5 1 0
github.com/cyw0ng95/v2e/cmd/v2broker/perf/optimizer.go:741.4,741.10 1 0
github.com/cyw0ng95/v2e/cmd/v2broker/perf/optimizer.go:747.68,751.18 3 0
github.com/cyw0ng95/v2e/cmd/v2broker/perf/optimizer.go:751.18,753.3 1 0
github.com/cyw0ng95/v2e/cmd/v2broker/perf/optimizer.go:754.2,754.25 1 0
github.com/cyw0ng95/v2e/cmd/v2broker/perf/optimizer.go:754.25,756.3 1 0
github.com/cyw0ng95/v2e/cmd/v2broker/perf/optimizer.go:758.2,761.21 3 0
github.com/cyw0ng95/v2e/cmd/v2broker/perf/optimizer.go:761.21,763.3 1 0
github.com/cyw0ng95/v2e/cmd/v2broker/perf/optimizer.go:767.47,773.21 4 0
github.com/cyw0ng95/v2e/cmd/v2broker/perf/optimizer.go:773.21,775.3 1 0
github.com/cyw0ng95/v2e/cmd/v2broker/perf/optimizer.go:779.71,783.29 3 0
github.com/cyw0ng95/v2e/cmd/v2broker/perf/optimizer.go:783.29,787.3 1 0
github.com/cyw0ng95/v2e/cmd/v2broker/perf/optimizer.go:789.2,797.3 2 0
github.com/cyw0ng95/v2e/cmd/v2broker/perf/permit_integration.go:18.55,24.2 1 0
github.com/cyw0ng95/v2e/cmd/v2broker/perf/permit_integration.go:37.65,42.2 1 0
github.com/cyw0ng95/v2e/cmd/v2broker/perf/permit_integration.go:45.63,46.32 1 0
github.com/cyw0ng95/v2e/cmd/v2broker/perf/permit_integration.go:46.32,50.3 1 0
github.com/cyw0ng95/v2e/cmd/v2broker/perf/permit_integration.go:51.2,51.34 1 0
github.com/cyw0ng95/v2e/cmd/v2broker/perf/permit_integration.go:55.75,56.32 1 0
github.com/cyw0ng95/v2e/cmd/v2broker/perf/permit_integration.go:56.32,60.3 1 0
github.com/cyw0ng95/v2e/cmd/v2broker/perf/permit_integration.go:60.8,62.3 1 0
github.com/cyw0ng95/v2e/cmd/v2broker/perf/permit_integration.go:66.118,67.32 1 0
github.com/cyw0ng95/v2e/cmd/v2broker/perf/permit_integration.go:67.32,71.3 1 0
github.com/cyw0ng95/v2e/cmd/v2broker/perf/permit_integration.go:72.2,72.46 1 0
github.com/cyw0ng95/v2e/cmd/v2broker/perf/permit_integration.go:76.46,77.114 1 0
github.com/cyw0ng95/v2e/cmd/v2broker/perf/permit_integration.go:77.114,78.22 1 0
github.com/cyw0ng95/v2e/cmd/v2broker/perf/permit_integration.go:78.22,80.4 1 0
github.com/cyw0ng95/v2e/cmd/v2broker/perf/permit_integration.go:81.3,81.9 1 0
github.com/cyw0ng95/v2e/cmd/v2broker/perf/permit_integration.go:84.2,84.21 1 0
github.com/cyw0ng95/v2e/cmd/v2broker/perf/permit_integration.go:84.21,88.3 1 0
github.com/cyw0ng95/v2e/cmd/v2broker/perf/permit_integration.go:90.2,90.30 1 0
github.com/cyw0ng95/v2e/cmd/v2broker/perf/permit_integration.go:94.45,101.6 5 0
github.com/cyw0ng95/v2e/cmd/v2broker/perf/permit_integration.go:101.6,102.10 1 0
github.com/cyw0ng95/v2e/cmd/v2broker/perf/permit_integration.go:103.19,104.66 1 0
github.com/cyw0ng95/v2e/cmd/v2broker/perf/permit_integration.go:105.23,106.23 1 0
github.com/cyw0ng95/v2e/cmd/v2broker/perf/permit_integration.go:106.23,108.5 1 0
github.com/cyw0ng95/v2e/cmd/v2broker/perf/permit_integration.go:109.4,109.10 1 0
github.com/cyw0ng95/v2e/cmd/v2broker/perf/permit_integration.go:115.90,134.35 9 0
github.com/cyw0ng95/v2e/cmd/v2broker/perf/permit_integration.go:134.35,137.22 2 0
github.com/cyw0ng95/v2e/cmd/v2broker/perf/permit_integration.go:137.22,139.19 2 0
github.com/cyw0ng95/v2e/cmd/v2broker/perf/permit_integration.go:139.19,141.5 1 0
github.com/cyw0ng95/v2e/cmd/v2broker/perf/permit_integration.go:142.4,142.22 1 0
github.com/cyw0ng95/v2e/cmd/v2broker/perf/permit_integration.go:142.22,143.22 1 0
github.com/cyw0ng95/v2e/cmd/v2broker/perf/permit_integration.go:143.22,145.6 1 0
github.com/cyw0ng95/v2e/cmd/v2broker/perf/permit_integration.go:146.5,146.54 1 0
github.com/cyw0ng95/v2e/cmd/v2broker/perf/permit_integration.go:148.4,155.21 1 0
github.com/cyw0ng95/v2e/cmd/v2broker/perf/permit_integration.go:159.3,159.46 1 0
github.com/cyw0ng95/v2e/cmd/v2broker/perf/permit_integration.go:159.46,162.4 2 0
github.com/cyw0ng95/v2e/cmd/v2broker/perf/permit_integration.go:163.8,165.31 1 0
github.com/cyw0ng95/v2e/cmd/v2broker/perf/permit_integration.go:165.31,167.23 2 0
github.com/cyw0ng95/v2e/cmd/v2broker/perf/permit_integration.go:167.23,171.5 1 0
github.com/cyw0ng95/v2e/cmd/v2broker/perf/permit_integration.go:177.109,182.27 3 0
github.com/cyw0ng95/v2e/cmd/v2broker/perf/permit_integration.go:182.27,183.22 1 0
github.com/cyw0ng95/v2e/cmd/v2broker/perf/permit_integration.go:183.22,185.4 1 0
github.com/cyw0ng95/v2e/cmd/v2broker/perf/permit_integration.go:186.3,186.9 1 0
github.com/cyw0ng95/v2e/cmd/v2broker/perf/permit_integration.go:189.2,190.21 2 0
github.com/cyw0ng95/v2e/cmd/v2broker/perf/permit_integration.go:190.21,192.3 1 0
github.com/cyw0ng95/v2e/cmd/v2broker/perf/permit_integration.go:195.2,196.17 2 0
github.com/cyw0ng95/v2e/cmd/v2broker/perf/permit_integration.go:196.17,199.3 2 0
github.com/cyw0ng95/v2e/cmd/v2broker/perf/permit_integration.go:200.2,200.20 1 0
github.com/cyw0ng95/v2e/cmd/v2broker/perf/permit_integration.go:200.20,201.18 1 0
github.com/cyw0ng95/v2e/cmd/v2broker/perf/permit_integration.go:201.18,203.4 1 0
github.com/cyw0ng95/v2e/cmd/v2broker/perf/permit_integration.go:204.3,205.111 2 0
github.com/cyw0ng95/v2e/cmd/v2broker/perf/permit_integration.go:209.2,211.21 2 0
github.com/cyw0ng95/v2e/cmd/v2broker/perf/permit_integration.go:211.21,214.46 2 0
github.com/cyw0ng95/v2e/cmd/v2broker/perf/permit_integration.go:214.46,216.4 1 0
github.com/cyw0ng95/v2e/cmd/v2broker/perf/permit_integration.go:220.2,220.46 1 0
github.com/cyw0ng95/v2e/cmd/v2broker/perf/permit_integration.go:220.46,222.3 1 0
github.com/cyw0ng95/v2e/cmd/v2broker/perf/permit_integration.go:226.55,227.70 1 0
github.com/cyw0ng95/v2e/cmd/v2broker/perf/permit_integration.go:227.70,229.3 1 0
github.com/cyw0ng95/v2e/cmd/v2broker/perf/permit_integration.go:231.2,237.3 2 0
github.com/cyw0ng95/v2e/cmd/v2broker/permits/manager.go:48.79,49.23 1 19
github.com/cyw0ng95/v2e/cmd/v2broker/permits/manager.go:49.23,51.3 1 2
github.com/cyw0ng95/v2e/cmd/v2broker/permits/manager.go:53.2,58.3 1 19
github.com/cyw0ng95/v2e/cmd/v2broker/permits/manager.go:63.86,64.26 1 14
github.com/cyw0ng95/v2e/cmd/v2broker/permits/manager.go:64.26,66.3 1 1
github.com/cyw0ng95/v2e/cmd/v2broker/permits/manager.go:67.2,67.26 1 13
github.com/cyw0ng95/v2e/cmd/v2broker/permits/manager.go:67.26,69.3 1 2
github.com/cyw0ng95/v2e/cmd/v2broker/permits/manager.go:71.2,78.35 5 11
github.com/cyw0ng95/v2e/cmd/v2broker/permits/manager.go:78.35,80.3 1 1
github.com/cyw0ng95/v2e/cmd/v2broker/permits/manager.go:82.2,82.17 1 11
github.com/cyw0ng95/v2e/cmd/v2broker/permits/manager.go:82.17,87.23 4 11
github.com/cyw0ng95/v2e/cmd/v2broker/permits/manager.go:87.23,90.4 1 11
github.com/cyw0ng95/v2e/cmd/v2broker/permits/manager.go:91.8,92.23 1 0
github.com/cyw0ng95/v2e/cmd/v2broker/permits/manager.go:92.23,95.4 1 0
github.com/cyw0ng95/v2e/cmd/v2broker/permits/manager.go:98.2,102.8 1 11
github.com/cyw0ng95/v2e/cmd/v2broker/permits/manager.go:106.96,107.22 1 5
github.com/cyw0ng95/v2e/cmd/v2broker/permits/manager.go:107.22,109.3 1 0
github.com/cyw0ng95/v2e/cmd/v2broker/permits/manager.go:110.2,110.16 1 5
github.com/cyw0ng95/v2e/cmd/v2broker/permits/manager.go:110.16,112.3 1 0
github.com/cyw0ng95/v2e/cmd/v2broker/permits/manager.go:114.2,118.13 4 5
github.com/cyw0ng95/v2e/cmd/v2broker/permits/manager.go:118.13,120.3 1 1
github.com/cyw0ng95/v2e/cmd/v2broker/permits/manager.go:123.2,123.23 1 4
github.com/cyw0ng95/v2e/cmd/v2broker/permits/manager.go:123.23,125.3 1 1
github.com/cyw0ng95/v2e/cmd/v2broker/permits/manager.go:127.2,129.37 3 4
github.com/cyw0ng95/v2e/cmd/v2broker/permits/manager.go:129.37,131.3 1 2
github.com/cyw0ng95/v2e/cmd/v2broker/permits/manager.go:132.2,134.22 2 4
github.com/cyw0ng95/v2e/cmd/v2broker/permits/manager.go:134.22,137.3 1 4
github.com/cyw0ng95/v2e/cmd/v2broker/permits/manager.go:139.2,143.8 1 4
github.com/cyw0ng95/v2e/cmd/v2broker/permits/manager.go:149.66,153.44 3 4
github.com/cyw0ng95/v2e/cmd/v2broker/permits/manager.go:153.44,155.3 1 1
github.com/cyw0ng95/v2e/cmd/v2broker/permits/manager.go:157.2,162.43 4 3
github.com/cyw0ng95/v2e/cmd/v2broker/permits/manager.go:162.43,164.3 1 5
github.com/cyw0ng95/v2e/cmd/v2broker/permits/manager.go:166.2,166.52 1 3
github.com/cyw0ng95/v2e/cmd/v2broker/permits/manager.go:166.52,167.21 1 5
github.com/cyw0ng95/v2e/cmd/v2broker/permits/manager.go:167.21,168.9 1 1
github.com/cyw0ng95/v2e/cmd/v2broker/permits/manager.go:172.3,173.54 2 4
github.com/cyw0ng95/v2e/cmd/v2broker/permits/manager.go:173.54,175.4 1 1
github.com/cyw0ng95/v2e/cmd/v2broker/permits/manager.go:176.3,176.27 1 4
github.com/cyw0ng95/v2e/cmd/v2broker/permits/manager.go:176.27,178.4 1 0
github.com/cyw0ng95/v2e/cmd/v2broker/permits/manager.go:179.3,179.27 1 4
github.com/cyw0ng95/v2e/cmd/v2broker/permits/manager.go:179.27,181.4 1 0
github.com/cyw0ng95/v2e/cmd/v2broker/permits/manager.go:183.3,184.38 2 4
github.com/cyw0ng95/v2e/cmd/v2broker/permits/manager.go:184.38,186.4 1 0
github.com/cyw0ng95/v2e/cmd/v2broker/permits/manager.go:187.3,192.23 5 4
github.com/cyw0ng95/v2e/cmd/v2broker/permits/manager.go:192.23,195.4 1 4
github.com/cyw0ng95/v2e/cmd/v2broker/permits/manager.go:198.2,198.20 1 3
github.com/cyw0ng95/v2e/cmd/v2broker/permits/manager.go:202.60,207.39 4 1
github.com/cyw0ng95/v2e/cmd/v2broker/permits/manager.go:207.39,209.3 1 2
github.com/cyw0ng95/v2e/cmd/v2broker/permits/manager.go:211.2,220.3 1 1
github.com/cyw0ng95/v2e/cmd/v2broker/permits/manager.go:224.58,229.35 4 0
github.com/cyw0ng95/v2e/cmd/v2broker/permits/manager.go:229.35,231.3 1 0
github.com/cyw0ng95/v2e/cmd/v2broker/permits/manager.go:232.2,232.20 1 0
github.com/cyw0ng95/v2e/cmd/v2broker/permits/manager.go:237.59,238.16 1 4
github.com/cyw0ng95/v2e/cmd/v2broker/permits/manager.go:238.16,240.3 1 2
github.com/cyw0ng95/v2e/cmd/v2broker/permits/manager.go:242.2,247.39 4 2
github.com/cyw0ng95/v2e/cmd/v2broker/permits/manager.go:247.39,249.3 1 1
github.com/cyw0ng95/v2e/cmd/v2broker/permits/manager.go:252.2,252.28 1 2
github.com/cyw0ng95/v2e/cmd/v2broker/permits/manager.go:252.28,254.3 1 1
github.com/cyw0ng95/v2e/cmd/v2broker/permits/manager.go:256.2,260.22 4 1
github.com/cyw0ng95/v2e/cmd/v2broker/permits/manager.go:260.22,263.3 1 1
github.com/cyw0ng95/v2e/cmd/v2broker/permits/manager.go:265.2,265.12 1 1
github.com/cyw0ng95/v2e/cmd/v2broker/routing/lock_free_router.go:16.42,20.2 1 0
github.com/cyw0ng95/v2e/cmd/v2broker/routing/lock_free_router.go:23.57,25.9 2 0
github.com/cyw0ng95/v2e/cmd/v2broker/routing/lock_free_router.go:25.9,27.3 1 0
github.com/cyw0ng95/v2e/cmd/v2broker/routing/lock_free_router.go:29.2,31.9 2 0
github.com/cyw0ng95/v2e/cmd/v2broker/routing/lock_free_router.go:32.17,33.13 1 0
github.com/cyw0ng95/v2e/cmd/v2broker/routing/lock_free_router.go:34.10,35.69 1 0
github.com/cyw0ng95/v2e/cmd/v2broker/routing/lock_free_router.go:40.72,42.9 2 0
github.com/cyw0ng95/v2e/cmd/v2broker/routing/lock_free_router.go:42.9,44.3 1 0
github.com/cyw0ng95/v2e/cmd/v2broker/routing/lock_free_router.go:46.2,48.9 2 0
github.com/cyw0ng95/v2e/cmd/v2broker/routing/lock_free_router.go:49.17,50.13 1 0
github.com/cyw0ng95/v2e/cmd/v2broker/routing/lock_free_router.go:51.10,52.76 1 0
github.com/cyw0ng95/v2e/cmd/v2broker/routing/lock_free_router.go:57.78,59.2 1 0
github.com/cyw0ng95/v2e/cmd/v2broker/routing/lock_free_router.go:62.57,64.2 1 0
github.com/cyw0ng95/v2e/cmd/v2broker/routing/lock_free_router.go:67.48,69.51 2 0
github.com/cyw0ng95/v2e/cmd/v2broker/routing/lock_free_router.go:69.51,72.3 2 0
github.com/cyw0ng95/v2e/cmd/v2broker/routing/lock_free_router.go:73.2,73.15 1 0
github.com/cyw0ng95/v2e/cmd/v2broker/routing/lock_free_router.go:77.46,79.51 2 0
github.com/cyw0ng95/v2e/cmd/v2broker/routing/lock_free_router.go:79.51,82.3 2 0
github.com/cyw0ng95/v2e/cmd/v2broker/routing/lock_free_router.go:83.2,83.14 1 0
github.com/cyw0ng95/v2e/cmd/v2broker/sched/module.go:102.48,131.2 1 0
github.com/cyw0ng95/v2e/cmd/v2broker/sched/module.go:134.50,139.2 1 0
github.com/cyw0ng95/v2e/cmd/v2broker/sched/module.go:142.45,143.14 1 0
github.com/cyw0ng95/v2e/cmd/v2broker/sched/module.go:143.14,147.28 4 0
github.com/cyw0ng95/v2e/cmd/v2broker/sched/module.go:147.28,150.4 2 0
github.com/cyw0ng95/v2e/cmd/v2broker/sched/module.go:151.8,156.3 4 0
github.com/cyw0ng95/v2e/cmd/v2broker/sched/module.go:160.44,161.14 1 0
github.com/cyw0ng95/v2e/cmd/v2broker/sched/module.go:161.14,162.20 1 0
github.com/cyw0ng95/v2e/cmd/v2broker/sched/module.go:162.20,164.4 1 0
github.com/cyw0ng95/v2e/cmd/v2broker/sched/module.go:165.3,165.36 1 0
github.com/cyw0ng95/v2e/cmd/v2broker/sched/module.go:167.2,167.36 1 0
github.com/cyw0ng95/v2e/cmd/v2broker/sched/module.go:171.42,172.31 1 0
github.com/cyw0ng95/v2e/cmd/v2broker/sched/module.go:172.31,174.3 1 0
github.com/cyw0ng95/v2e/cmd/v2broker/sched/module.go:177.2,180.33 3 0
github.com/cyw0ng95/v2e/cmd/v2broker/sched/module.go:180.33,187.3 6 0
github.com/cyw0ng95/v2e/cmd/v2broker/sched/module.go:190.2,191.22 2 0
github.com/cyw0ng95/v2e/cmd/v2broker/sched/module.go:191.22,193.3 1 0
github.com/cyw0ng95/v2e/cmd/v2broker/sched/module.go:195.2,196.14 2 0
github.com/cyw0ng95/v2e/cmd/v2broker/sched/module.go:200.44,202.2 0 0
github.com/cyw0ng95/v2e/cmd/v2broker/sched/module.go:205.65,216.47 7 0
github.com/cyw0ng95/v2e/cmd/v2broker/sched/module.go:216.47,218.3 1 0
github.com/cyw0ng95/v2e/cmd/v2broker/sched/module.go:221.2,224.64 2 0
github.com/cyw0ng95/v2e/cmd/v2broker/sched/module.go:224.64,227.3 2 0
github.com/cyw0ng95/v2e/cmd/v2broker/sched/module.go:229.2,229.12 1 0
github.com/cyw0ng95/v2e/cmd/v2broker/sched/module.go:233.57,234.33 1 0
github.com/cyw0ng95/v2e/cmd/v2broker/sched/module.go:234.33,236.3 1 0
github.com/cyw0ng95/v2e/cmd/v2broker/sched/module.go:239.2,240.38 2 0
github.com/cyw0ng95/v2e/cmd/v2broker/sched/module.go:240.38,245.3 4 0
github.com/cyw0ng95/v2e/cmd/v2broker/sched/module.go:248.2,263.77 10 0
github.com/cyw0ng95/v2e/cmd/v2broker/sched/module.go:267.54,268.22 1 0
github.com/cyw0ng95/v2e/cmd/v2broker/sched/module.go:268.22,270.3 1 0
github.com/cyw0ng95/v2e/cmd/v2broker/sched/module.go:273.2,277.37 3 0
github.com/cyw0ng95/v2e/cmd/v2broker/sched/module.go:277.37,278.40 1 0
github.com/cyw0ng95/v2e/cmd/v2broker/sched/module.go:278.40,279.31 1 0
github.com/cyw0ng95/v2e/cmd/v2broker/sched/module.go:279.31,281.5 1 0
github.com/cyw0ng95/v2e/cmd/v2broker/sched/module.go:285.2,286.22 2 0
github.com/cyw0ng95/v2e/cmd/v2broker/sched/module.go:290.58,321.53 14 0
github.com/cyw0ng95/v2e/cmd/v2broker/sched/module.go:321.53,326.3 3 0
github.com/cyw0ng95/v2e/cmd/v2broker/sched/module.go:328.2,330.12 2 0
github.com/cyw0ng95/v2e/cmd/v2broker/sched/module.go:334.66,339.42 3 0
github.com/cyw0ng95/v2e/cmd/v2broker/sched/module.go:339.42,341.3 1 0
github.com/cyw0ng95/v2e/cmd/v2broker/sched/module.go:343.2,344.45 2 0
github.com/cyw0ng95/v2e/cmd/v2broker/sched/module.go:344.45,346.3 1 0
github.com/cyw0ng95/v2e/cmd/v2broker/sched/module.go:348.2,349.18 2 0
github.com/cyw0ng95/v2e/cmd/v2broker/sched/module.go:349.18,351.3 1 0
github.com/cyw0ng95/v2e/cmd/v2broker/sched/module.go:354.2,354.79 1 0
github.com/cyw0ng95/v2e/cmd/v2broker/sched/module.go:358.83,363.47 3 0
github.com/cyw0ng95/v2e/cmd/v2broker/sched/module.go:363.47,366.3 1 0
github.com/cyw0ng95/v2e/cmd/v2broker/sched/module.go:366.8,366.78 1 0
github.com/cyw0ng95/v2e/cmd/v2broker/sched/module.go:366.78,368.36 1 0
github.com/cyw0ng95/v2e/cmd/v2broker/sched/module.go:368.36,370.4 1 0
github.com/cyw0ng95/v2e/cmd/v2broker/sched/module.go:371.8,371.118 1 0
github.com/cyw0ng95/v2e/cmd/v2broker/sched/module.go:371.118,374.3 1 0
github.com/cyw0ng95/v2e/cmd/v2broker/sched/module.go:374.8,374.59 1 0
github.com/cyw0ng95/v2e/cmd/v2broker/sched/module.go:374.59,376.36 1 0
github.com/cyw0ng95/v2e/cmd/v2broker/sched/module.go:376.36,378.4 1 0
github.com/cyw0ng95/v2e/cmd/v2broker/sched/module.go:382.2,383.45 2 0
github.com/cyw0ng95/v2e/cmd/v2broker/sched/module.go:383.45,385.3 1 0
github.com/cyw0ng95/v2e/cmd/v2broker/sched/module.go:387.2,387.44 1 0
github.com/cyw0ng95/v2e/cmd/v2broker/sched/module.go:387.44,389.3 1 0
github.com/cyw0ng95/v2e/cmd/v2broker/sched/module.go:389.8,389.42 1 0
github.com/cyw0ng95/v2e/cmd/v2broker/sched/module.go:389.42,391.3 1 0
github.com/cyw0ng95/v2e/cmd/v2broker/sched/module.go:395.93,400.88 3 0
github.com/cyw0ng95/v2e/cmd/v2broker/sched/module.go:400.88,403.3 1 0
github.com/cyw0ng95/v2e/cmd/v2broker/sched/module.go:403.8,403.71 1 0
github.com/cyw0ng95/v2e/cmd/v2broker/sched/module.go:403.71,406.3 1 0
github.com/cyw0ng95/v2e/cmd/v2broker/sched/module.go:406.8,406.68 1 0
github.com/cyw0ng95/v2e/cmd/v2broker/sched/module.go:406.68,409.3 1 0
github.com/cyw0ng95/v2e/cmd/v2broker/sched/module.go:409.8,412.3 1 0
github.com/cyw0ng95/v2e/cmd/v2broker/sched/module.go:415.2,415.27 1 0
github.com/cyw0ng95/v2e/cmd/v2broker/sched/module.go:415.27,418.3 1 0
github.com/cyw0ng95/v2e/cmd/v2broker/sched/module.go:421.2,421.41 1 0
github.com/cyw0ng95/v2e/cmd/v2broker/sched/module.go:421.41,423.3 1 0
github.com/cyw0ng95/v2e/cmd/v2broker/sched/module.go:423.8,423.47 1 0
github.com/cyw0ng95/v2e/cmd/v2broker/sched/module.go:423.47,425.3 1 0
github.com/cyw0ng95/v2e/cmd/v2broker/sched/module.go:429.85,434.118 3 0
github.com/cyw0ng95/v2e/cmd/v2broker/sched/module.go:434.118,437.3 1 0
github.com/cyw0ng95/v2e/cmd/v2broker/sched/module.go:437.8,437.125 1 0
github.com/cyw0ng95/v2e/cmd/v2broker/sched/module.go:437.125,440.3 1 0
github.com/cyw0ng95/v2e/cmd/v2broker/sched/module.go:440.8,440.31 1 0
github.com/cyw0ng95/v2e/cmd/v2broker/sched/module.go:440.31,442.34 1 0
github.com/cyw0ng95/v2e/cmd/v2broker/sched/module.go:442.34,444.4 1 0
github.com/cyw0ng95/v2e/cmd/v2broker/sched/module.go:445.8,445.66 1 0
github.com/cyw0ng95/v2e/cmd/v2broker/sched/module.go:445.66,448.3 1 0
github.com/cyw0ng95/v2e/cmd/v2broker/sched/module.go:448.8,451.3 1 0
github.com/cyw0ng95/v2e/cmd/v2broker/sched/module.go:454.2,454.34 1 0
github.com/cyw0ng95/v2e/cmd/v2broker/sched/module.go:454.34,456.3 1 0
github.com/cyw0ng95/v2e/cmd/v2broker/sched/module.go:456.8,456.40 1 0
github.com/cyw0ng95/v2e/cmd/v2broker/sched/module.go:456.40,458.3 1 0
github.com/cyw0ng95/v2e/cmd/v2broker/sched/module.go:462.72,465.78 2 0
github.com/cyw0ng95/v2e/cmd/v2broker/sched/module.go:465.78,468.3 1 0
github.com/cyw0ng95/v2e/cmd/v2broker/sched/module.go:468.8,468.65 1 0
github.com/cyw0ng95/v2e/cmd/v2broker/sched/module.go:468.65,471.3 1 0
github.com/cyw0ng95/v2e/cmd/v2broker/sched/module.go:471.8,474.3 1 0
github.com/cyw0ng95/v2e/cmd/v2broker/sched/module.go:478.50,483.42 4 0
github.com/cyw0ng95/v2e/cmd/v2broker/sched/module.go:483.42,487.3 2 0
github.com/cyw0ng95/v2e/cmd/v2broker/sched/module.go:487.8,487.69 1 0
github.com/cyw0ng95/v2e/cmd/v2broker/sched/module.go:487.69,491.3 2 0
github.com/cyw0ng95/v2e/cmd/v2broker/sched/module.go:491.8,491.59 1 0
github.com/cyw0ng95/v2e/cmd/v2broker/sched/module.go:491.59,495.3 2 0
github.com/cyw0ng95/v2e/cmd/v2broker/sched/module.go:495.8,499.3 2 0
github.com/cyw0ng95/v2e/cmd/v2broker/sched/module.go:503.66,525.2 1 0
github.com/cyw0ng95/v2e/cmd/v2broker/sched/monitor.go:37.62,48.2 2 0
github.com/cyw0ng95/v2e/cmd/v2broker/sched/monitor.go:51.66,53.2 1 0
github.com/cyw0ng95/v2e/cmd/v2broker/sched/monitor.go:56.34,57.52 1 0
github.com/cyw0ng95/v2e/cmd/v2broker/sched/monitor.go:57.52,59.3 1 0
github.com/cyw0ng95/v2e/cmd/v2broker/sched/monitor.go:61.2,61.21 1 0
github.com/cyw0ng95/v2e/cmd/v2broker/sched/monitor.go:65.33,66.52 1 0
github.com/cyw0ng95/v2e/cmd/v2broker/sched/monitor.go:66.52,68.3 1 0
github.com/cyw0ng95/v2e/cmd/v2broker/sched/monitor.go:70.2,70.13 1 0
github.com/cyw0ng95/v2e/cmd/v2broker/sched/monitor.go:74.40,78.6 3 0
github.com/cyw0ng95/v2e/cmd/v2broker/sched/monitor.go:78.6,79.10 1 0
github.com/cyw0ng95/v2e/cmd/v2broker/sched/monitor.go:80.19,83.26 2 0
github.com/cyw0ng95/v2e/cmd/v2broker/sched/monitor.go:83.26,85.5 1 0
github.com/cyw0ng95/v2e/cmd/v2broker/sched/monitor.go:86.24,87.10 1 0
github.com/cyw0ng95/v2e/cmd/v2broker/sched/monitor.go:93.55,104.18 8 0
github.com/cyw0ng95/v2e/cmd/v2broker/sched/monitor.go:104.18,110.3 3 0
github.com/cyw0ng95/v2e/cmd/v2broker/sched/monitor.go:113.2,127.3 3 0
github.com/cyw0ng95/v2e/cmd/v2broker/sched/monitor.go:131.72,140.21 4 0
github.com/cyw0ng95/v2e/cmd/v2broker/sched/monitor.go:140.21,142.3 1 0
github.com/cyw0ng95/v2e/cmd/v2broker/sched/monitor.go:146.2,148.25 2 0
github.com/cyw0ng95/v2e/cmd/v2broker/sched/monitor.go:152.57,156.2 1 0
github.com/cyw0ng95/v2e/cmd/v2broker/sched/monitor.go:159.63,161.2 1 0
github.com/cyw0ng95/v2e/cmd/v2broker/sched/monitor.go:164.42,166.2 1 0
github.com/cyw0ng95/v2e/cmd/v2broker/sched/monitor.go:169.50,171.2 1 0
github.com/cyw0ng95/v2e/cmd/v2broker/sched/monitor.go:174.67,180.42 4 0
github.com/cyw0ng95/v2e/cmd/v2broker/sched/monitor.go:180.42,182.3 1 0
github.com/cyw0ng95/v2e/cmd/v2broker/sched/monitor.go:183.2,183.57 1 0
github.com/cyw0ng95/v2e/cmd/v2broker/sched/monitor.go:187.66,191.33 3 0
github.com/cyw0ng95/v2e/cmd/v2broker/sched/monitor.go:191.33,193.3 1 0
github.com/cyw0ng95/v2e/cmd/v2broker/sched/monitor.go:195.2,196.43 2 0
github.com/cyw0ng95/v2e/cmd/v2broker/sched/monitor.go:196.43,198.3 1 0
github.com/cyw0ng95/v2e/cmd/v2broker/sched/monitor.go:199.2,199.54 1 0
github.com/cyw0ng95/v2e/cmd/v2broker/sched/monitor.go:203.97,208.2 3 0
github.com/cyw0ng95/v2e/cmd/v2broker/sched/monitor.go:211.86,216.45 4 0
github.com/cyw0ng95/v2e/cmd/v2broker/sched/monitor.go:216.45,217.21 1 0
github.com/cyw0ng95/v2e/cmd/v2broker/sched/monitor.go:217.21,219.4 1 0
github.com/cyw0ng95/v2e/cmd/v2broker/sched/monitor.go:221.2,221.15 1 0
github.com/cyw0ng95/v2e/cmd/v2broker/scaling/anomaly_detector.go:47.117,55.2 1 2
github.com/cyw0ng95/v2e/cmd/v2broker/scaling/anomaly_detector.go:58.74,62.2 3 2
github.com/cyw0ng95/v2e/cmd/v2broker/scaling/anomaly_detector.go:65.71,69.17 3 33
github.com/cyw0ng95/v2e/cmd/v2broker/scaling/anomaly_detector.go:69.17,71.3 1 6
github.com/cyw0ng95/v2e/cmd/v2broker/scaling/anomaly_detector.go:73.2,81.48 3 27
github.com/cyw0ng95/v2e/cmd/v2broker/scaling/anomaly_detector.go:81.48,83.3 1 0
github.com/cyw0ng95/v2e/cmd/v2broker/scaling/anomaly_detector.go:85.2,85.37 1 27
github.com/cyw0ng95/v2e/cmd/v2broker/scaling/anomaly_detector.go:89.83,90.33 1 27
github.com/cyw0ng95/v2e/cmd/v2broker/scaling/anomaly_detector.go:90.33,92.3 1 18
github.com/cyw0ng95/v2e/cmd/v2broker/scaling/anomaly_detector.go:94.2,95.28 2 9
github.com/cyw0ng95/v2e/cmd/v2broker/scaling/anomaly_detector.go:95.28,97.3 1 0
github.com/cyw0ng95/v2e/cmd/v2broker/scaling/anomaly_detector.go:99.2,100.17 2 9
github.com/cyw0ng95/v2e/cmd/v2broker/scaling/anomaly_detector.go:100.17,102.3 1 0
github.com/cyw0ng95/v2e/cmd/v2broker/scaling/anomaly_detector.go:104.2,106.33 2 9
github.com/cyw0ng95/v2e/cmd/v2broker/scaling/anomaly_detector.go:106.33,120.30 4 2
github.com/cyw0ng95/v2e/cmd/v2broker/scaling/anomaly_detector.go:120.30,122.4 1 2
github.com/cyw0ng95/v2e/cmd/v2broker/scaling/anomaly_detector.go:127.88,129.74 2 9
github.com/cyw0ng95/v2e/cmd/v2broker/scaling/anomaly_detector.go:129.74,130.44 1 112
github.com/cyw0ng95/v2e/cmd/v2broker/scaling/anomaly_detector.go:130.44,132.4 1 112
github.com/cyw0ng95/v2e/cmd/v2broker/scaling/anomaly_detector.go:134.2,134.15 1 9
github.com/cyw0ng95/v2e/cmd/v2broker/scaling/anomaly_detector.go:138.97,139.22 1 9
github.com/cyw0ng95/v2e/cmd/v2broker/scaling/anomaly_detector.go:139.22,141.3 1 0
github.com/cyw0ng95/v2e/cmd/v2broker/scaling/anomaly_detector.go:143.2,144.27 2 9
github.com/cyw0ng95/v2e/cmd/v2broker/scaling/anomaly_detector.go:144.27,146.3 1 112
github.com/cyw0ng95/v2e/cmd/v2broker/scaling/anomaly_detector.go:147.2,150.27 3 9
github.com/cyw0ng95/v2e/cmd/v2broker/scaling/anomaly_detector.go:150.27,153.3 2 112
github.com/cyw0ng95/v2e/cmd/v2broker/scaling/anomaly_detector.go:154.2,156.21 2 9
github.com/cyw0ng95/v2e/cmd/v2broker/scaling/anomaly_detector.go:160.69,161.19 1 2
github.com/cyw0ng95/v2e/cmd/v2broker/scaling/anomaly_detector.go:161.19,163.3 1 0
github.com/cyw0ng95/v2e/cmd/v2broker/scaling/anomaly_detector.go:164.2,164.19 1 2
github.com/cyw0ng95/v2e/cmd/v2broker/scaling/anomaly_detector.go:164.19,166.3 1 0
github.com/cyw0ng95/v2e/cmd/v2broker/scaling/anomaly_detector.go:167.2,167.19 1 2
github.com/cyw0ng95/v2e/cmd/v2broker/scaling/anomaly_detector.go:167.19,169.3 1 2
github.com/cyw0ng95/v2e/cmd/v2broker/scaling/anomaly_detector.go:170.2,170.20 1 0
github.com/cyw0ng95/v2e/cmd/v2broker/scaling/anomaly_detector.go:174.37,178.2 3 1
github.com/cyw0ng95/v2e/cmd/v2broker/scaling/anomaly_detector.go:181.38,185.2 3 1
github.com/cyw0ng95/v2e/cmd/v2broker/scaling/anomaly_detector.go:188.66,192.2 3 0
github.com/cyw0ng95/v2e/cmd/v2broker/scaling/anomaly_detector.go:195.43,199.2 3 0
github.com/cyw0ng95/v2e/cmd/v2broker/scaling/auto_scaler.go:58.80,59.34 1 0
github.com/cyw0ng95/v2e/cmd/v2broker/scaling/auto_scaler.go:59.34,61.3 1 0
github.com/cyw0ng95/v2e/cmd/v2broker/scaling/auto_scaler.go:63.2,63.36 1 0
github.com/cyw0ng95/v2e/cmd/v2broker/scaling/auto_scaler.go:63.36,65.3 1 0
github.com/cyw0ng95/v2e/cmd/v2broker/scaling/auto_scaler.go:67.2,67.35 1 0
github.com/cyw0ng95/v2e/cmd/v2broker/scaling/auto_scaler.go:67.35,69.3 1 0
github.com/cyw0ng95/v2e/cmd/v2broker/scaling/auto_scaler.go:71.2,71.37 1 0
github.com/cyw0ng95/v2e/cmd/v2broker/scaling/auto_scaler.go:71.37,73.3 1 0
github.com/cyw0ng95/v2e/cmd/v2broker/scaling/auto_scaler.go:75.2,75.32 1 0
github.com/cyw0ng95/v2e/cmd/v2broker/scaling/auto_scaler.go:75.32,77.3 1 0
github.com/cyw0ng95/v2e/cmd/v2broker/scaling/auto_scaler.go:79.2,85.3 1 0
github.com/cyw0ng95/v2e/cmd/v2broker/scaling/auto_scaler.go:88.37,91.2 2 0
github.com/cyw0ng95/v2e/cmd/v2broker/scaling/auto_scaler.go:93.30,94.15 1 0
github.com/cyw0ng95/v2e/cmd/v2broker/scaling/auto_scaler.go:94.15,96.3 1 0
github.com/cyw0ng95/v2e/cmd/v2broker/scaling/auto_scaler.go:98.2,100.26 3 0
github.com/cyw0ng95/v2e/cmd/v2broker/scaling/auto_scaler.go:103.37,107.6 3 0
github.com/cyw0ng95/v2e/cmd/v2broker/scaling/auto_scaler.go:107.6,108.10 1 0
github.com/cyw0ng95/v2e/cmd/v2broker/scaling/auto_scaler.go:109.19,110.24 1 0
github.com/cyw0ng95/v2e/cmd/v2broker/scaling/auto_scaler.go:112.38,113.28 1 0
github.com/cyw0ng95/v2e/cmd/v2broker/scaling/auto_scaler.go:115.22,116.10 1 0
github.com/cyw0ng95/v2e/cmd/v2broker/scaling/auto_scaler.go:121.41,123.16 2 0
github.com/cyw0ng95/v2e/cmd/v2broker/scaling/auto_scaler.go:123.16,125.3 1 0
github.com/cyw0ng95/v2e/cmd/v2broker/scaling/auto_scaler.go:127.2,127.55 1 0
github.com/cyw0ng95/v2e/cmd/v2broker/scaling/auto_scaler.go:127.55,128.32 1 0
github.com/cyw0ng95/v2e/cmd/v2broker/scaling/auto_scaler.go:128.32,129.12 1 0
github.com/cyw0ng95/v2e/cmd/v2broker/scaling/auto_scaler.go:132.3,135.38 3 0
github.com/cyw0ng95/v2e/cmd/v2broker/scaling/auto_scaler.go:135.38,137.4 1 0
github.com/cyw0ng95/v2e/cmd/v2broker/scaling/auto_scaler.go:141.118,147.31 4 0
github.com/cyw0ng95/v2e/cmd/v2broker/scaling/auto_scaler.go:147.31,149.3 1 0
github.com/cyw0ng95/v2e/cmd/v2broker/scaling/auto_scaler.go:151.2,151.49 1 0
github.com/cyw0ng95/v2e/cmd/v2broker/scaling/auto_scaler.go:151.49,162.3 1 0
github.com/cyw0ng95/v2e/cmd/v2broker/scaling/auto_scaler.go:164.2,164.51 1 0
github.com/cyw0ng95/v2e/cmd/v2broker/scaling/auto_scaler.go:164.51,175.3 1 0
github.com/cyw0ng95/v2e/cmd/v2broker/scaling/auto_scaler.go:177.2,177.45 1 0
github.com/cyw0ng95/v2e/cmd/v2broker/scaling/auto_scaler.go:180.60,182.13 2 0
github.com/cyw0ng95/v2e/cmd/v2broker/scaling/auto_scaler.go:182.13,184.3 1 0
github.com/cyw0ng95/v2e/cmd/v2broker/scaling/auto_scaler.go:186.2,186.60 1 0
github.com/cyw0ng95/v2e/cmd/v2broker/scaling/auto_scaler.go:189.56,191.2 1 0
github.com/cyw0ng95/v2e/cmd/v2broker/scaling/auto_scaler.go:193.68,195.16 2 0
[...]
github.com/cyw0ng95/v2e/cmd/v2broker/scaling/load_predictor.go:169.18,171.5 1 0
github.com/cyw0ng95/v2e/cmd/v2broker/scaling/load_predictor.go:172.4,172.37 1 0
github.com/cyw0ng95/v2e/cmd/v2broker/scaling/load_predictor.go:176.2,176.21 1 0
github.com/cyw0ng95/v2e/cmd/v2broker/scaling/load_predictor.go:179.83,184.13 4 0
github.com/cyw0ng95/v2e/cmd/v2broker/scaling/load_predictor.go:184.13,186.3 1 0
github.com/cyw0ng95/v2e/cmd/v2broker/scaling/load_predictor.go:188.2,188.30 1 0
github.com/cyw0ng95/v2e/cmd/v2broker/scaling/load_predictor.go:191.80,200.2 6 0
github.com/cyw0ng95/v2e/cmd/v2broker/scaling/load_predictor.go:202.62,207.2 3 0
github.com/cyw0ng95/v2e/cmd/v2broker/scaling/load_predictor.go:209.45,214.36 4 0
github.com/cyw0ng95/v2e/cmd/v2broker/scaling/load_predictor.go:214.36,215.46 1 0
github.com/cyw0ng95/v2e/cmd/v2broker/scaling/load_predictor.go:215.46,217.4 1 0
github.com/cyw0ng95/v2e/cmd/v2broker/scaling/load_predictor.go:220.2,220.19 1 0
github.com/cyw0ng95/v2e/cmd/v2broker/scaling/load_predictor.go:220.19,222.3 1 0
github.com/cyw0ng95/v2e/cmd/v2broker/scaling/load_predictor.go:224.2,224.12 1 0
github.com/cyw0ng95/v2e/cmd/v2broker/scaling/load_predictor.go:227.66,228.19 1 0
github.com/cyw0ng95/v2e/cmd/v2broker/scaling/load_predictor.go:228.19,230.3 1 0
github.com/cyw0ng95/v2e/cmd/v2broker/scaling/load_predictor.go:232.2,235.25 3 0
github.com/cyw0ng95/v2e/cmd/v2broker/scaling/load_predictor.go:235.25,237.3 1 0
github.com/cyw0ng95/v2e/cmd/v2broker/scaling/load_predictor.go:239.2,239.24 1 0
github.com/cyw0ng95/v2e/cmd/v2broker/scaling/load_predictor.go:239.24,241.3 1 0
github.com/cyw0ng95/v2e/cmd/v2broker/scaling/load_predictor.go:243.2,250.12 6 0
github.com/cyw0ng95/v2e/cmd/v2broker/scaling/load_predictor.go:253.108,254.18 1 0
github.com/cyw0ng95/v2e/cmd/v2broker/scaling/load_predictor.go:254.18,256.3 1 0
github.com/cyw0ng95/v2e/cmd/v2broker/scaling/load_predictor.go:258.2,259.16 2 0
github.com/cyw0ng95/v2e/cmd/v2broker/scaling/load_predictor.go:259.16,261.3 1 0
github.com/cyw0ng95/v2e/cmd/v2broker/scaling/load_predictor.go:263.2,264.29 2 0
github.com/cyw0ng95/v2e/cmd/v2broker/scaling/load_predictor.go:264.29,267.3 2 0
github.com/cyw0ng95/v2e/cmd/v2broker/scaling/load_predictor.go:269.2,269.25 1 0
github.com/cyw0ng95/v2e/cmd/v2broker/scaling/load_predictor.go:272.54,274.2 1 0
github.com/cyw0ng95/v2e/cmd/v2broker/scaling/load_predictor.go:276.55,278.2 1 0
github.com/cyw0ng95/v2e/cmd/v2broker/scaling/load_predictor.go:280.63,281.19 1 0
github.com/cyw0ng95/v2e/cmd/v2broker/scaling/load_predictor.go:281.19,283.3 1 0
github.com/cyw0ng95/v2e/cmd/v2broker/scaling/load_predictor.go:285.2,286.25 2 0
github.com/cyw0ng95/v2e/cmd/v2broker/scaling/load_predictor.go:286.25,288.3 1 0
github.com/cyw0ng95/v2e/cmd/v2broker/scaling/load_predictor.go:290.2,290.25 1 0
github.com/cyw0ng95/v2e/cmd/v2broker/scaling/load_predictor.go:290.25,292.3 1 0
github.com/cyw0ng95/v2e/cmd/v2broker/scaling/load_predictor.go:294.2,297.12 3 0
github.com/cyw0ng95/v2e/cmd/v2broker/scaling/load_predictor.go:300.105,301.18 1 0
github.com/cyw0ng95/v2e/cmd/v2broker/scaling/load_predictor.go:301.18,303.3 1 0
github.com/cyw0ng95/v2e/cmd/v2broker/scaling/load_predictor.go:305.2,306.16 2 0
github.com/cyw0ng95/v2e/cmd/v2broker/scaling/load_predictor.go:306.16,308.3 1 0
github.com/cyw0ng95/v2e/cmd/v2broker/scaling/load_predictor.go:310.2,312.29 3 0
github.com/cyw0ng95/v2e/cmd/v2broker/scaling/load_predictor.go:312.29,314.3 1 0
github.com/cyw0ng95/v2e/cmd/v2broker/scaling/load_predictor.go:316.2,316.25 1 0
github.com/cyw0ng95/v2e/cmd/v2broker/scaling/load_predictor.go:319.51,321.2 1 0
github.com/cyw0ng95/v2e/cmd/v2broker/scaling/load_predictor.go:323.52,325.2 1 0
github.com/cyw0ng95/v2e/cmd/v2broker/scaling/load_predictor.go:327.70,328.19 1 0
github.com/cyw0ng95/v2e/cmd/v2broker/scaling/load_predictor.go:328.19,330.3 1 0
github.com/cyw0ng95/v2e/cmd/v2broker/scaling/load_predictor.go:332.2,333.25 2 0
github.com/cyw0ng95/v2e/cmd/v2broker/scaling/load_predictor.go:333.25,335.3 1 0
github.com/cyw0ng95/v2e/cmd/v2broker/scaling/load_predictor.go:337.2,337.37 1 0
github.com/cyw0ng95/v2e/cmd/v2broker/scaling/load_predictor.go:337.37,339.3 1 0
github.com/cyw0ng95/v2e/cmd/v2broker/scaling/load_predictor.go:341.2,344.12 3 0
github.com/cyw0ng95/v2e/cmd/v2broker/scaling/load_predictor.go:347.112,348.18 1 0
github.com/cyw0ng95/v2e/cmd/v2broker/scaling/load_predictor.go:348.18,350.3 1 0
github.com/cyw0ng95/v2e/cmd/v2broker/scaling/load_predictor.go:352.2,353.16 2 0
github.com/cyw0ng95/v2e/cmd/v2broker/scaling/load_predictor.go:353.16,355.3 1 0
github.com/cyw0ng95/v2e/cmd/v2broker/scaling/load_predictor.go:357.2,359.29 3 0
github.com/cyw0ng95/v2e/cmd/v2broker/scaling/load_predictor.go:359.29,361.3 1 0
github.com/cyw0ng95/v2e/cmd/v2broker/scaling/load_predictor.go:363.2,363.25 1 0
github.com/cyw0ng95/v2e/cmd/v2broker/scaling/load_predictor.go:366.58,368.2 1 0
github.com/cyw0ng95/v2e/cmd/v2broker/scaling/load_predictor.go:370.59,372.2 1 0
github.com/cyw0ng95/v2e/cmd/v2broker/scaling/load_predictor.go:374.71,375.30 1 0
github.com/cyw0ng95/v2e/cmd/v2broker/scaling/load_predictor.go:375.30,377.3 1 0
github.com/cyw0ng95/v2e/cmd/v2broker/scaling/load_predictor.go:379.2,383.25 4 0
github.com/cyw0ng95/v2e/cmd/v2broker/scaling/load_predictor.go:383.25,385.3 1 0
github.com/cyw0ng95/v2e/cmd/v2broker/scaling/load_predictor.go:387.2,393.12 5 0
github.com/cyw0ng95/v2e/cmd/v2broker/scaling/load_predictor.go:396.113,397.18 1 0
github.com/cyw0ng95/v2e/cmd/v2broker/scaling/load_predictor.go:397.18,399.3 1 0
github.com/cyw0ng95/v2e/cmd/v2broker/scaling/load_predictor.go:401.2,402.16 2 0
github.com/cyw0ng95/v2e/cmd/v2broker/scaling/load_predictor.go:402.16,404.3 1 0
github.com/cyw0ng95/v2e/cmd/v2broker/scaling/load_predictor.go:406.2,408.29 3 0
github.com/cyw0ng95/v2e/cmd/v2broker/scaling/load_predictor.go:408.29,411.3 2 0
github.com/cyw0ng95/v2e/cmd/v2broker/scaling/load_predictor.go:413.2,413.25 1 0
github.com/cyw0ng95/v2e/cmd/v2broker/scaling/load_predictor.go:416.59,418.2 1 0
github.com/cyw0ng95/v2e/cmd/v2broker/scaling/load_predictor.go:420.60,422.2 1 0
github.com/cyw0ng95/v2e/cmd/v2broker/scaling/load_predictor.go:424.47,425.21 1 0
github.com/cyw0ng95/v2e/cmd/v2broker/scaling/load_predictor.go:425.21,427.3 1 0
github.com/cyw0ng95/v2e/cmd/v2broker/scaling/load_predictor.go:429.2,435.27 6 0
github.com/cyw0ng95/v2e/cmd/v2broker/scaling/load_predictor.go:435.27,440.3 4 0
github.com/cyw0ng95/v2e/cmd/v2broker/scaling/load_predictor.go:442.2,443.14 2 0
github.com/cyw0ng95/v2e/cmd/v2broker/scaling/load_predictor.go:446.52,447.21 1 0
github.com/cyw0ng95/v2e/cmd/v2broker/scaling/load_predictor.go:447.21,449.3 1 0
github.com/cyw0ng95/v2e/cmd/v2broker/scaling/load_predictor.go:451.2,452.27 2 0
github.com/cyw0ng95/v2e/cmd/v2broker/scaling/load_predictor.go:452.27,454.3 1 0
github.com/cyw0ng95/v2e/cmd/v2broker/scaling/load_predictor.go:455.2,458.27 3 0
github.com/cyw0ng95/v2e/cmd/v2broker/scaling/load_predictor.go:458.27,461.3 2 0
github.com/cyw0ng95/v2e/cmd/v2broker/scaling/load_predictor.go:462.2,464.28 2 0
github.com/cyw0ng95/v2e/cmd/v2broker/scaling/load_predictor.go:467.66,468.22 1 0
github.com/cyw0ng95/v2e/cmd/v2broker/scaling/load_predictor.go:468.22,470.3 1 0
github.com/cyw0ng95/v2e/cmd/v2broker/scaling/load_predictor.go:472.2,473.27 2 0
github.com/cyw0ng95/v2e/cmd/v2broker/scaling/load_predictor.go:473.27,475.3 1 0
github.com/cyw0ng95/v2e/cmd/v2broker/scaling/load_predictor.go:476.2,479.27 3 0
github.com/cyw0ng95/v2e/cmd/v2broker/scaling/load_predictor.go:482.71,483.22 1 0
github.com/cyw0ng95/v2e/cmd/v2broker/scaling/load_predictor.go:483.22,485.3 1 0
github.com/cyw0ng95/v2e/cmd/v2broker/scaling/load_predictor.go:487.2,489.54 3 0
github.com/cyw0ng95/v2e/cmd/v2broker/scaling/load_predictor.go:489.54,491.3 1 0
github.com/cyw0ng95/v2e/cmd/v2broker/scaling/load_predictor.go:493.2,493.30 1 0
github.com/cyw0ng95/v2e/cmd/v2broker/scaling/load_predictor.go:496.70,499.24 2 0
github.com/cyw0ng95/v2e/cmd/v2broker/scaling/load_predictor.go:499.24,501.48 2 0
github.com/cyw0ng95/v2e/cmd/v2broker/scaling/load_predictor.go:501.48,503.48 2 0
github.com/cyw0ng95/v2e/cmd/v2broker/scaling/load_predictor.go:503.48,505.5 1 0
github.com/cyw0ng95/v2e/cmd/v2broker/scaling/load_predictor.go:506.4,506.36 1 0
github.com/cyw0ng95/v2e/cmd/v2broker/scaling/load_predictor.go:507.9,509.4 1 0
github.com/cyw0ng95/v2e/cmd/v2broker/scaling/load_predictor.go:512.2,512.14 1 0
github.com/cyw0ng95/v2e/cmd/v2broker/scaling/load_predictor.go:515.80,518.35 2 0
github.com/cyw0ng95/v2e/cmd/v2broker/scaling/load_predictor.go:518.35,520.3 1 0
github.com/cyw0ng95/v2e/cmd/v2broker/scaling/load_predictor.go:522.2,523.29 2 0
github.com/cyw0ng95/v2e/cmd/v2broker/scaling/load_predictor.go:523.29,526.46 3 0
github.com/cyw0ng95/v2e/cmd/v2broker/scaling/load_predictor.go:526.46,529.4 2 0
github.com/cyw0ng95/v2e/cmd/v2broker/scaling/load_predictor.go:530.3,530.16 1 0
github.com/cyw0ng95/v2e/cmd/v2broker/scaling/load_predictor.go:530.16,532.4 1 0
github.com/cyw0ng95/v2e/cmd/v2broker/scaling/load_predictor.go:535.2,535.26 1 0
github.com/cyw0ng95/v2e/cmd/v2broker/scaling/load_predictor.go:535.26,537.3 1 0
github.com/cyw0ng95/v2e/cmd/v2broker/scaling/load_predictor.go:539.2,539.17 1 0
github.com/cyw0ng95/v2e/cmd/v2broker/scaling/load_predictor.go:542.78,543.19 1 0
github.com/cyw0ng95/v2e/cmd/v2broker/scaling/load_predictor.go:543.19,545.3 1 0
github.com/cyw0ng95/v2e/cmd/v2broker/scaling/load_predictor.go:547.2,554.29 6 0
github.com/cyw0ng95/v2e/cmd/v2broker/scaling/load_predictor.go:554.29,556.17 2 0
github.com/cyw0ng95/v2e/cmd/v2broker/scaling/load_predictor.go:556.17,557.12 1 0
github.com/cyw0ng95/v2e/cmd/v2broker/scaling/load_predictor.go:559.3,559.27 1 0
github.com/cyw0ng95/v2e/cmd/v2broker/scaling/load_predictor.go:559.27,562.4 2 0
github.com/cyw0ng95/v2e/cmd/v2broker/scaling/load_predictor.go:565.2,566.29 2 0
github.com/cyw0ng95/v2e/cmd/v2broker/scaling/load_predictor.go:566.29,568.3 1 0
github.com/cyw0ng95/v2e/cmd/v2broker/scaling/load_predictor.go:569.2,571.20 2 0
github.com/cyw0ng95/v2e/cmd/v2broker/scaling/load_predictor.go:571.20,573.3 1 0
github.com/cyw0ng95/v2e/cmd/v2broker/scaling/load_predictor.go:575.2,579.17 4 0
github.com/cyw0ng95/v2e/cmd/v2broker/scaling/load_predictor.go:582.53,584.8 2 0
github.com/cyw0ng95/v2e/cmd/v2broker/scaling/load_predictor.go:584.8,586.3 1 0
github.com/cyw0ng95/v2e/cmd/v2broker/scaling/load_predictor.go:588.2,589.8 2 0
github.com/cyw0ng95/v2e/cmd/v2broker/scaling/load_predictor.go:589.8,591.3 1 0
github.com/cyw0ng95/v2e/cmd/v2broker/scaling/load_predictor.go:593.2,594.8 2 0
github.com/cyw0ng95/v2e/cmd/v2broker/scaling/load_predictor.go:594.8,596.3 1 0
github.com/cyw0ng95/v2e/cmd/v2broker/scaling/load_predictor.go:598.2,599.8 2 0
github.com/cyw0ng95/v2e/cmd/v2broker/scaling/load_predictor.go:599.8,601.3 1 0
github.com/cyw0ng95/v2e/cmd/v2broker/scaling/load_predictor.go:603.2,603.14 1 0
github.com/cyw0ng95/v2e/cmd/v2broker/scaling/load_predictor.go:606.47,619.2 10 0
github.com/cyw0ng95/v2e/cmd/v2broker/scaling/prediction_model.go:52.111,61.2 1 3
github.com/cyw0ng95/v2e/cmd/v2broker/scaling/prediction_model.go:64.70,68.2 3 1
github.com/cyw0ng95/v2e/cmd/v2broker/scaling/prediction_model.go:71.77,75.2 3 4
github.com/cyw0ng95/v2e/cmd/v2broker/scaling/prediction_model.go:78.114,95.45 7 31
github.com/cyw0ng95/v2e/cmd/v2broker/scaling/prediction_model.go:95.45,97.3 1 0
github.com/cyw0ng95/v2e/cmd/v2broker/scaling/prediction_model.go:99.2,101.47 2 31
github.com/cyw0ng95/v2e/cmd/v2broker/scaling/prediction_model.go:105.78,109.32 3 25
github.com/cyw0ng95/v2e/cmd/v2broker/scaling/prediction_model.go:109.32,110.76 1 225
github.com/cyw0ng95/v2e/cmd/v2broker/scaling/prediction_model.go:110.76,118.35 5 25
github.com/cyw0ng95/v2e/cmd/v2broker/scaling/prediction_model.go:118.35,120.5 1 25
github.com/cyw0ng95/v2e/cmd/v2broker/scaling/prediction_model.go:122.4,124.9 2 25
github.com/cyw0ng95/v2e/cmd/v2broker/scaling/prediction_model.go:129.2,129.22 1 25
github.com/cyw0ng95/v2e/cmd/v2broker/scaling/prediction_model.go:133.85,137.39 3 31
github.com/cyw0ng95/v2e/cmd/v2broker/scaling/prediction_model.go:137.39,141.3 3 33
github.com/cyw0ng95/v2e/cmd/v2broker/scaling/prediction_model.go:143.2,143.20 1 31
github.com/cyw0ng95/v2e/cmd/v2broker/scaling/prediction_model.go:143.20,145.3 1 10
github.com/cyw0ng95/v2e/cmd/v2broker/scaling/prediction_model.go:147.2,147.24 1 21
github.com/cyw0ng95/v2e/cmd/v2broker/scaling/prediction_model.go:151.85,152.30 1 31
github.com/cyw0ng95/v2e/cmd/v2broker/scaling/prediction_model.go:152.30,154.3 1 21
github.com/cyw0ng95/v2e/cmd/v2broker/scaling/prediction_model.go:156.2,157.22 2 10
github.com/cyw0ng95/v2e/cmd/v2broker/scaling/prediction_model.go:157.22,159.3 1 0
github.com/cyw0ng95/v2e/cmd/v2broker/scaling/prediction_model.go:161.2,162.30 2 10
github.com/cyw0ng95/v2e/cmd/v2broker/scaling/prediction_model.go:162.30,163.23 1 100
github.com/cyw0ng95/v2e/cmd/v2broker/scaling/prediction_model.go:163.23,164.22 1 99
github.com/cyw0ng95/v2e/cmd/v2broker/scaling/prediction_model.go:164.22,166.5 1 99
github.com/cyw0ng95/v2e/cmd/v2broker/scaling/prediction_model.go:170.2,170.53 1 10
github.com/cyw0ng95/v2e/cmd/v2broker/scaling/prediction_model.go:174.46,175.31 1 25
github.com/cyw0ng95/v2e/cmd/v2broker/scaling/prediction_model.go:175.31,177.3 1 20
github.com/cyw0ng95/v2e/cmd/v2broker/scaling/prediction_model.go:179.2,179.56 1 5
github.com/cyw0ng95/v2e/cmd/v2broker/scaling/prediction_model.go:179.56,180.13 1 5
github.com/cyw0ng95/v2e/cmd/v2broker/scaling/prediction_model.go:180.13,182.18 2 5
github.com/cyw0ng95/v2e/cmd/v2broker/scaling/prediction_model.go:182.18,184.5 1 0
github.com/cyw0ng95/v2e/cmd/v2broker/scaling/prediction_model.go:186.4,188.18 3 5
github.com/cyw0ng95/v2e/cmd/v2broker/scaling/prediction_model.go:194.54,204.29 4 1
github.com/cyw0ng95/v2e/cmd/v2broker/scaling/prediction_model.go:204.29,206.3 1 1
github.com/cyw0ng95/v2e/cmd/v2broker/scaling/prediction_model.go:208.2,210.38 3 1
github.com/cyw0ng95/v2e/cmd/v2broker/scaling/prediction_model.go:210.38,211.23 1 20
github.com/cyw0ng95/v2e/cmd/v2broker/scaling/prediction_model.go:211.23,214.4 2 19
github.com/cyw0ng95/v2e/cmd/v2broker/scaling/prediction_model.go:217.2,217.15 1 1
github.com/cyw0ng95/v2e/cmd/v2broker/scaling/prediction_model.go:217.15,221.3 3 1
github.com/cyw0ng95/v2e/cmd/v2broker/scaling/prediction_model.go:223.2,223.16 1 1
github.com/cyw0ng95/v2e/cmd/v2broker/scaling/prediction_model.go:227.43,235.2 6 0
github.com/cyw0ng95/v2e/cmd/v2broker/scaling/prediction_model.go:238.44,239.31 1 0
github.com/cyw0ng95/v2e/cmd/v2broker/scaling/prediction_model.go:239.31,241.3 1 0
github.com/cyw0ng95/v2e/cmd/v2broker/scaling/prediction_model.go:243.2,244.16 2 0
github.com/cyw0ng95/v2e/cmd/v2broker/scaling/prediction_model.go:244.16,246.3 1 0
github.com/cyw0ng95/v2e/cmd/v2broker/scaling/prediction_model.go:248.2,252.12 4 0
github.com/cyw0ng95/v2e/cmd/v2broker/scaling/prediction_model.go:256.64,261.2 3 0
github.com/cyw0ng95/v2e/cmd/v2broker/scaling/prediction_model.go:264.94,269.71 4 0
github.com/cyw0ng95/v2e/cmd/v2broker/scaling/prediction_model.go:269.71,270.41 1 0
github.com/cyw0ng95/v2e/cmd/v2broker/scaling/prediction_model.go:270.41,272.4 1 0
github.com/cyw0ng95/v2e/cmd/v2broker/scaling/prediction_model.go:274.2,274.15 1 0
github.com/cyw0ng95/v2e/cmd/v2broker/scaling/prediction_model.go:277.36,279.2 1 31
github.com/cyw0ng95/v2e/cmd/v2broker/scaling/self_healing.go:82.69,89.2 1 3
github.com/cyw0ng95/v2e/cmd/v2broker/scaling/self_healing.go:92.93,96.2 3 3
github.com/cyw0ng95/v2e/cmd/v2broker/scaling/self_healing.go:99.78,103.2 3 2
github.com/cyw0ng95/v2e/cmd/v2broker/scaling/self_healing.go:106.91,110.18 3 6
github.com/cyw0ng95/v2e/cmd/v2broker/scaling/self_healing.go:110.18,112.3 1 0
github.com/cyw0ng95/v2e/cmd/v2broker/scaling/self_healing.go:114.2,126.43 3 6
github.com/cyw0ng95/v2e/cmd/v2broker/scaling/self_healing.go:126.43,128.3 1 0
github.com/cyw0ng95/v2e/cmd/v2broker/scaling/self_healing.go:130.2,132.12 2 6
github.com/cyw0ng95/v2e/cmd/v2broker/scaling/self_healing.go:136.66,141.13 4 6
github.com/cyw0ng95/v2e/cmd/v2broker/scaling/self_healing.go:141.13,151.3 2 0
github.com/cyw0ng95/v2e/cmd/v2broker/scaling/self_healing.go:153.2,153.32 1 6
github.com/cyw0ng95/v2e/cmd/v2broker/scaling/self_healing.go:153.32,163.3 2 0
github.com/cyw0ng95/v2e/cmd/v2broker/scaling/self_healing.go:165.2,169.16 4 6
github.com/cyw0ng95/v2e/cmd/v2broker/scaling/self_healing.go:169.16,179.3 2 1
github.com/cyw0ng95/v2e/cmd/v2broker/scaling/self_healing.go:179.8,188.3 1 5
github.com/cyw0ng95/v2e/cmd/v2broker/scaling/self_healing.go:192.61,196.28 3 1
github.com/cyw0ng95/v2e/cmd/v2broker/scaling/self_healing.go:196.28,197.34 1 1
github.com/cyw0ng95/v2e/cmd/v2broker/scaling/self_healing.go:197.34,200.9 3 1
github.com/cyw0ng95/v2e/cmd/v2broker/scaling/self_healing.go:206.62,211.21 4 6
github.com/cyw0ng95/v2e/cmd/v2broker/scaling/self_healing.go:211.21,213.3 1 6
github.com/cyw0ng95/v2e/cmd/v2broker/scaling/self_healing.go:217.41,221.2 3 0
github.com/cyw0ng95/v2e/cmd/v2broker/scaling/self_healing.go:224.42,228.2 3 0
github.com/cyw0ng95/v2e/cmd/v2broker/scaling/self_healing.go:231.58,235.2 3 0
github.com/cyw0ng95/v2e/cmd/v2broker/scaling/self_healing.go:238.64,243.35 4 0
github.com/cyw0ng95/v2e/cmd/v2broker/scaling/self_healing.go:243.35,244.22 1 0
github.com/cyw0ng95/v2e/cmd/v2broker/scaling/self_healing.go:244.22,246.4 1 0
github.com/cyw0ng95/v2e/cmd/v2broker/scaling/self_healing.go:248.2,248.15 1 0
github.com/cyw0ng95/v2e/cmd/v2broker/scaling/self_healing.go:252.67,254.2 1 0
github.com/cyw0ng95/v2e/cmd/v2broker/scaling/self_healing.go:256.63,259.16 3 0
github.com/cyw0ng95/v2e/cmd/v2broker/scaling/self_healing.go:259.16,261.3 1 0
github.com/cyw0ng95/v2e/cmd/v2broker/scaling/self_healing.go:262.2,262.12 1 0
github.com/cyw0ng95/v2e/cmd/v2broker/scaling/self_healing.go:265.65,267.2 1 0
github.com/cyw0ng95/v2e/cmd/v2broker/scaling/self_healing.go:270.73,272.2 1 1
github.com/cyw0ng95/v2e/cmd/v2broker/scaling/self_healing.go:274.69,276.39 2 1
github.com/cyw0ng95/v2e/cmd/v2broker/scaling/self_healing.go:276.39,277.12 1 3
github.com/cyw0ng95/v2e/cmd/v2broker/scaling/self_healing.go:277.12,280.29 3 2
github.com/cyw0ng95/v2e/cmd/v2broker/scaling/self_healing.go:280.29,282.5 1 0
github.com/cyw0ng95/v2e/cmd/v2broker/scaling/self_healing.go:284.3,285.17 2 3
github.com/cyw0ng95/v2e/cmd/v2broker/scaling/self_healing.go:285.17,287.4 1 1
github.com/cyw0ng95/v2e/cmd/v2broker/scaling/self_healing.go:289.2,289.43 1 0
github.com/cyw0ng95/v2e/cmd/v2broker/scaling/self_healing.go:292.71,295.39 3 0
github.com/cyw0ng95/v2e/cmd/v2broker/scaling/self_healing.go:295.39,297.28 2 0
github.com/cyw0ng95/v2e/cmd/v2broker/scaling/self_healing.go:297.28,299.4 1 0
github.com/cyw0ng95/v2e/cmd/v2broker/scaling/self_healing.go:300.3,300.22 1 0
github.com/cyw0ng95/v2e/cmd/v2broker/scaling/self_healing.go:302.2,302.19 1 0
github.com/cyw0ng95/v2e/cmd/v2broker/scaling/self_healing.go:306.70,308.2 1 5
github.com/cyw0ng95/v2e/cmd/v2broker/scaling/self_healing.go:310.66,313.30 2 10
github.com/cyw0ng95/v2e/cmd/v2broker/scaling/self_healing.go:313.30,314.57 1 5
github.com/cyw0ng95/v2e/cmd/v2broker/scaling/self_healing.go:314.57,317.4 2 1
github.com/cyw0ng95/v2e/cmd/v2broker/scaling/self_healing.go:317.9,319.4 1 4
github.com/cyw0ng95/v2e/cmd/v2broker/scaling/self_healing.go:322.2,323.16 2 6
github.com/cyw0ng95/v2e/cmd/v2broker/scaling/self_healing.go:323.16,326.43 3 6
github.com/cyw0ng95/v2e/cmd/v2broker/scaling/self_healing.go:326.43,328.4 1 2
github.com/cyw0ng95/v2e/cmd/v2broker/scaling/self_healing.go:329.3,329.13 1 6
github.com/cyw0ng95/v2e/cmd/v2broker/scaling/self_healing.go:332.2,332.34 1 0
github.com/cyw0ng95/v2e/cmd/v2broker/scaling/self_healing.go:332.34,335.3 2 0
github.com/cyw0ng95/v2e/cmd/v2broker/scaling/self_healing.go:337.2,337.12 1 0
github.com/cyw0ng95/v2e/cmd/v2broker/scaling/self_healing.go:340.68,342.2 1 0
github.com/cyw0ng95/v2e/cmd/v2broker/scaling/self_healing.go:344.31,346.2 1 6
