mode: atomic
github.com/cyw0ng95/v2e/cmd/v2access/build_config.go:10.33,12.2 1 0
github.com/cyw0ng95/v2e/cmd/v2access/build_config.go:15.32,17.2 1 0
github.com/cyw0ng95/v2e/cmd/v2access/handlers.go:16.66,22.2 1 0
github.com/cyw0ng95/v2e/cmd/v2access/handlers.go:25.63,31.2 1 0
github.com/cyw0ng95/v2e/cmd/v2access/handlers.go:34.71,36.46 1 0
github.com/cyw0ng95/v2e/cmd/v2access/handlers.go:36.46,41.3 2 0
github.com/cyw0ng95/v2e/cmd/v2access/handlers.go:44.2,44.44 1 0
github.com/cyw0ng95/v2e/cmd/v2access/handlers.go:44.44,54.52 3 0
github.com/cyw0ng95/v2e/cmd/v2access/handlers.go:54.52,59.4 4 0
github.com/cyw0ng95/v2e/cmd/v2access/handlers.go:62.3,63.19 2 0
github.com/cyw0ng95/v2e/cmd/v2access/handlers.go:63.19,65.4 1 0
github.com/cyw0ng95/v2e/cmd/v2access/handlers.go:67.3,68.28 2 0
github.com/cyw0ng95/v2e/cmd/v2access/handlers.go:68.28,70.4 1 0
github.com/cyw0ng95/v2e/cmd/v2access/handlers.go:73.3,78.10 4 0
github.com/cyw0ng95/v2e/cmd/v2access/handlers.go:79.28,83.10 4 0
github.com/cyw0ng95/v2e/cmd/v2access/handlers.go:84.11,84.11 0 0
github.com/cyw0ng95/v2e/cmd/v2access/handlers.go:90.3,97.10 5 0
github.com/cyw0ng95/v2e/cmd/v2access/handlers.go:98.28,100.72 2 0
github.com/cyw0ng95/v2e/cmd/v2access/handlers.go:101.11,101.11 0 0
github.com/cyw0ng95/v2e/cmd/v2access/handlers.go:105.3,105.17 1 0
github.com/cyw0ng95/v2e/cmd/v2access/handlers.go:105.17,110.4 4 0
github.com/cyw0ng95/v2e/cmd/v2access/handlers.go:113.3,113.71 1 0
github.com/cyw0ng95/v2e/cmd/v2access/handlers.go:113.71,118.4 4 0
github.com/cyw0ng95/v2e/cmd/v2access/handlers.go:121.3,122.30 2 0
github.com/cyw0ng95/v2e/cmd/v2access/handlers.go:122.30,124.79 2 0
github.com/cyw0ng95/v2e/cmd/v2access/handlers.go:124.79,129.5 4 0
github.com/cyw0ng95/v2e/cmd/v2access/handlers.go:130.4,130.41 1 0
github.com/cyw0ng95/v2e/cmd/v2access/handlers.go:134.3,136.96 3 0
github.com/cyw0ng95/v2e/cmd/v2access/handlers.go:144.138,149.2 1 0
github.com/cyw0ng95/v2e/cmd/v2access/handlers.go:151.56,153.2 1 0
github.com/cyw0ng95/v2e/cmd/v2access/handlers.go:162.90,163.23 1 0
github.com/cyw0ng95/v2e/cmd/v2access/handlers.go:163.23,165.3 1 0
github.com/cyw0ng95/v2e/cmd/v2access/handlers.go:166.2,166.35 1 0
github.com/cyw0ng95/v2e/cmd/v2access/handlers.go:169.83,171.2 1 0
github.com/cyw0ng95/v2e/cmd/v2access/handlers.go:173.57,175.2 1 0
github.com/cyw0ng95/v2e/cmd/v2access/main.go:55.13,57.2 1 0
github.com/cyw0ng95/v2e/cmd/v2access/rpc_client.go:23.74,33.47 4 0
github.com/cyw0ng95/v2e/cmd/v2access/rpc_client.go:33.47,36.17 3 0
github.com/cyw0ng95/v2e/cmd/v2access/rpc_client.go:36.17,39.4 2 0
github.com/cyw0ng95/v2e/cmd/v2access/rpc_client.go:40.8,43.3 1 0
github.com/cyw0ng95/v2e/cmd/v2access/rpc_client.go:45.2,54.15 2 0
github.com/cyw0ng95/v2e/cmd/v2access/rpc_client.go:58.120,69.2 2 0
github.com/cyw0ng95/v2e/cmd/v2access/rpc_client.go:72.116,74.2 1 0
github.com/cyw0ng95/v2e/cmd/v2access/rpc_client.go:77.134,80.2 1 0
github.com/cyw0ng95/v2e/cmd/v2access/rpc_client.go:83.52,85.2 1 0
github.com/cyw0ng95/v2e/cmd/v2access/rpc_client.go:89.111,91.2 1 0
github.com/cyw0ng95/v2e/cmd/v2access/rpc_client.go:95.108,97.2 1 0
github.com/cyw0ng95/v2e/cmd/v2access/run.go:15.18,35.66 9 0
github.com/cyw0ng95/v2e/cmd/v2access/run.go:35.66,38.3 2 0
github.com/cyw0ng95/v2e/cmd/v2access/run.go:41.2,52.12 6 0
github.com/cyw0ng95/v2e/cmd/v2access/run.go:52.12,55.61 3 0
github.com/cyw0ng95/v2e/cmd/v2access/run.go:55.61,57.4 1 0
github.com/cyw0ng95/v2e/cmd/v2access/run.go:57.9,59.4 1 0
github.com/cyw0ng95/v2e/cmd/v2access/run.go:61.2,73.12 4 0
github.com/cyw0ng95/v2e/cmd/v2access/run.go:73.12,75.77 2 0
github.com/cyw0ng95/v2e/cmd/v2access/run.go:75.77,78.4 2 0
github.com/cyw0ng95/v2e/cmd/v2access/run.go:79.3,79.35 1 0
github.com/cyw0ng95/v2e/cmd/v2access/run.go:83.2,95.42 9 0
github.com/cyw0ng95/v2e/cmd/v2access/run.go:95.42,99.3 3 0
github.com/cyw0ng95/v2e/cmd/v2access/run.go:100.2,102.35 2 0
github.com/cyw0ng95/v2e/cmd/v2access/server.go:18.77,43.43 13 0
github.com/cyw0ng95/v2e/cmd/v2access/server.go:43.43,49.39 3 0
github.com/cyw0ng95/v2e/cmd/v2access/server.go:49.39,51.57 1 0
github.com/cyw0ng95/v2e/cmd/v2access/server.go:51.57,54.5 2 0
github.com/cyw0ng95/v2e/cmd/v2access/server.go:57.4,58.40 2 0
github.com/cyw0ng95/v2e/cmd/v2access/server.go:58.40,61.5 2 0
github.com/cyw0ng95/v2e/cmd/v2access/server.go:63.4,65.63 3 0
github.com/cyw0ng95/v2e/cmd/v2access/server.go:65.63,69.5 3 0
github.com/cyw0ng95/v2e/cmd/v2access/server.go:72.4,73.47 2 0
github.com/cyw0ng95/v2e/cmd/v2access/server.go:75.8,77.3 1 0
github.com/cyw0ng95/v2e/cmd/v2access/server.go:79.2,79.15 1 0
github.com/cyw0ng95/v2e/cmd/v2analysis/main.go:44.117,50.16 3 5
github.com/cyw0ng95/v2e/cmd/v2analysis/main.go:50.16,52.3 1 0
github.com/cyw0ng95/v2e/cmd/v2analysis/main.go:54.2,64.55 2 5
github.com/cyw0ng95/v2e/cmd/v2analysis/main.go:64.55,67.3 1 0
github.com/cyw0ng95/v2e/cmd/v2analysis/main.go:70.2,70.43 1 5
github.com/cyw0ng95/v2e/cmd/v2analysis/main.go:70.43,73.3 2 0
github.com/cyw0ng95/v2e/cmd/v2analysis/main.go:75.2,75.21 1 5
github.com/cyw0ng95/v2e/cmd/v2analysis/main.go:79.56,82.16 2 5
github.com/cyw0ng95/v2e/cmd/v2analysis/main.go:82.16,85.3 1 5
github.com/cyw0ng95/v2e/cmd/v2analysis/main.go:87.2,92.16 3 0
github.com/cyw0ng95/v2e/cmd/v2analysis/main.go:92.16,94.3 1 0
github.com/cyw0ng95/v2e/cmd/v2analysis/main.go:96.2,97.12 2 0
github.com/cyw0ng95/v2e/cmd/v2analysis/main.go:101.41,103.29 1 5
github.com/cyw0ng95/v2e/cmd/v2analysis/main.go:103.29,105.57 2 3
github.com/cyw0ng95/v2e/cmd/v2analysis/main.go:105.57,107.4 1 0
github.com/cyw0ng95/v2e/cmd/v2analysis/main.go:111.2,111.44 1 5
github.com/cyw0ng95/v2e/cmd/v2analysis/main.go:111.44,113.3 1 0
github.com/cyw0ng95/v2e/cmd/v2analysis/main.go:116.2,116.29 1 5
github.com/cyw0ng95/v2e/cmd/v2analysis/main.go:119.13,129.23 4 0
github.com/cyw0ng95/v2e/cmd/v2analysis/main.go:129.23,131.3 1 0
github.com/cyw0ng95/v2e/cmd/v2analysis/main.go:134.2,138.16 3 0
github.com/cyw0ng95/v2e/cmd/v2analysis/main.go:138.16,141.3 2 0
github.com/cyw0ng95/v2e/cmd/v2analysis/main.go:142.2,168.51 21 0
github.com/cyw0ng95/v2e/cmd/v2analysis/main.go:172.78,173.89 1 0
github.com/cyw0ng95/v2e/cmd/v2analysis/main.go:173.89,179.3 2 0
github.com/cyw0ng95/v2e/cmd/v2analysis/main.go:183.72,184.89 1 0
github.com/cyw0ng95/v2e/cmd/v2analysis/main.go:184.89,190.72 2 0
github.com/cyw0ng95/v2e/cmd/v2analysis/main.go:190.72,192.4 1 0
github.com/cyw0ng95/v2e/cmd/v2analysis/main.go:194.3,195.17 2 0
github.com/cyw0ng95/v2e/cmd/v2analysis/main.go:195.17,197.4 1 0
github.com/cyw0ng95/v2e/cmd/v2analysis/main.go:199.3,202.5 2 0
github.com/cyw0ng95/v2e/cmd/v2analysis/main.go:207.72,208.89 1 0
github.com/cyw0ng95/v2e/cmd/v2analysis/main.go:208.89,216.72 2 0
github.com/cyw0ng95/v2e/cmd/v2analysis/main.go:216.72,218.4 1 0
github.com/cyw0ng95/v2e/cmd/v2analysis/main.go:220.3,221.17 2 0
github.com/cyw0ng95/v2e/cmd/v2analysis/main.go:221.17,223.4 1 0
github.com/cyw0ng95/v2e/cmd/v2analysis/main.go:225.3,226.17 2 0
github.com/cyw0ng95/v2e/cmd/v2analysis/main.go:226.17,228.4 1 0
github.com/cyw0ng95/v2e/cmd/v2analysis/main.go:230.3,231.86 2 0
github.com/cyw0ng95/v2e/cmd/v2analysis/main.go:231.86,233.4 1 0
github.com/cyw0ng95/v2e/cmd/v2analysis/main.go:235.3,239.5 1 0
github.com/cyw0ng95/v2e/cmd/v2analysis/main.go:244.72,245.89 1 0
github.com/cyw0ng95/v2e/cmd/v2analysis/main.go:245.89,250.72 2 0
github.com/cyw0ng95/v2e/cmd/v2analysis/main.go:250.72,252.4 1 0
github.com/cyw0ng95/v2e/cmd/v2analysis/main.go:254.3,255.17 2 0
github.com/cyw0ng95/v2e/cmd/v2analysis/main.go:255.17,257.4 1 0
github.com/cyw0ng95/v2e/cmd/v2analysis/main.go:259.3,260.14 2 0
github.com/cyw0ng95/v2e/cmd/v2analysis/main.go:260.14,262.4 1 0
github.com/cyw0ng95/v2e/cmd/v2analysis/main.go:264.3,267.5 1 0
github.com/cyw0ng95/v2e/cmd/v2analysis/main.go:272.77,273.89 1 0
github.com/cyw0ng95/v2e/cmd/v2analysis/main.go:273.89,278.72 2 0
github.com/cyw0ng95/v2e/cmd/v2analysis/main.go:278.72,280.4 1 0
github.com/cyw0ng95/v2e/cmd/v2analysis/main.go:282.3,283.17 2 0
github.com/cyw0ng95/v2e/cmd/v2analysis/main.go:283.17,285.4 1 0
github.com/cyw0ng95/v2e/cmd/v2analysis/main.go:287.3,289.31 3 0
github.com/cyw0ng95/v2e/cmd/v2analysis/main.go:289.31,291.4 1 0
github.com/cyw0ng95/v2e/cmd/v2analysis/main.go:293.3,295.5 1 0
github.com/cyw0ng95/v2e/cmd/v2analysis/main.go:300.73,301.89 1 0
github.com/cyw0ng95/v2e/cmd/v2analysis/main.go:301.89,307.72 2 0
github.com/cyw0ng95/v2e/cmd/v2analysis/main.go:307.72,309.4 1 0
github.com/cyw0ng95/v2e/cmd/v2analysis/main.go:311.3,312.17 2 0
github.com/cyw0ng95/v2e/cmd/v2analysis/main.go:312.17,314.4 1 0
github.com/cyw0ng95/v2e/cmd/v2analysis/main.go:316.3,317.17 2 0
github.com/cyw0ng95/v2e/cmd/v2analysis/main.go:317.17,319.4 1 0
github.com/cyw0ng95/v2e/cmd/v2analysis/main.go:321.3,322.13 2 0
github.com/cyw0ng95/v2e/cmd/v2analysis/main.go:322.13,324.4 1 0
github.com/cyw0ng95/v2e/cmd/v2analysis/main.go:326.3,327.26 2 0
github.com/cyw0ng95/v2e/cmd/v2analysis/main.go:327.26,329.4 1 0
github.com/cyw0ng95/v2e/cmd/v2analysis/main.go:331.3,334.5 1 0
github.com/cyw0ng95/v2e/cmd/v2analysis/main.go:339.79,340.89 1 0
github.com/cyw0ng95/v2e/cmd/v2analysis/main.go:340.89,345.72 2 0
github.com/cyw0ng95/v2e/cmd/v2analysis/main.go:345.72,347.4 1 0
github.com/cyw0ng95/v2e/cmd/v2analysis/main.go:349.3,353.30 4 0
github.com/cyw0ng95/v2e/cmd/v2analysis/main.go:353.30,358.4 1 0
github.com/cyw0ng95/v2e/cmd/v2analysis/main.go:360.3,363.5 1 0
github.com/cyw0ng95/v2e/cmd/v2analysis/main.go:368.77,369.89 1 0
github.com/cyw0ng95/v2e/cmd/v2analysis/main.go:369.89,374.17 3 0
github.com/cyw0ng95/v2e/cmd/v2analysis/main.go:374.17,376.4 1 0
github.com/cyw0ng95/v2e/cmd/v2analysis/main.go:378.3,379.75 2 0
github.com/cyw0ng95/v2e/cmd/v2analysis/main.go:379.75,381.4 1 0
github.com/cyw0ng95/v2e/cmd/v2analysis/main.go:383.3,383.54 1 0
github.com/cyw0ng95/v2e/cmd/v2analysis/main.go:388.78,389.89 1 0
github.com/cyw0ng95/v2e/cmd/v2analysis/main.go:389.89,394.72 2 0
github.com/cyw0ng95/v2e/cmd/v2analysis/main.go:394.72,397.4 1 0
github.com/cyw0ng95/v2e/cmd/v2analysis/main.go:399.3,408.17 4 0
github.com/cyw0ng95/v2e/cmd/v2analysis/main.go:408.17,410.4 1 0
github.com/cyw0ng95/v2e/cmd/v2analysis/main.go:412.3,415.74 2 0
github.com/cyw0ng95/v2e/cmd/v2analysis/main.go:415.74,417.4 1 0
github.com/cyw0ng95/v2e/cmd/v2analysis/main.go:420.3,423.39 3 0
github.com/cyw0ng95/v2e/cmd/v2analysis/main.go:423.39,425.11 2 0
github.com/cyw0ng95/v2e/cmd/v2analysis/main.go:425.11,426.13 1 0
github.com/cyw0ng95/v2e/cmd/v2analysis/main.go:430.4,431.18 2 0
github.com/cyw0ng95/v2e/cmd/v2analysis/main.go:431.18,433.13 2 0
github.com/cyw0ng95/v2e/cmd/v2analysis/main.go:436.4,440.57 3 0
github.com/cyw0ng95/v2e/cmd/v2analysis/main.go:440.57,441.32 1 0
github.com/cyw0ng95/v2e/cmd/v2analysis/main.go:441.32,443.13 2 0
github.com/cyw0ng95/v2e/cmd/v2analysis/main.go:443.13,444.15 1 0
github.com/cyw0ng95/v2e/cmd/v2analysis/main.go:447.6,448.20 2 0
github.com/cyw0ng95/v2e/cmd/v2analysis/main.go:448.20,449.15 1 0
github.com/cyw0ng95/v2e/cmd/v2analysis/main.go:453.6,453.61 1 0
github.com/cyw0ng95/v2e/cmd/v2analysis/main.go:453.61,456.7 2 0
github.com/cyw0ng95/v2e/cmd/v2analysis/main.go:459.6,459.97 1 0
github.com/cyw0ng95/v2e/cmd/v2analysis/main.go:459.97,461.7 1 0
github.com/cyw0ng95/v2e/cmd/v2analysis/main.go:466.3,473.5 2 0
github.com/cyw0ng95/v2e/cmd/v2analysis/main.go:478.75,479.89 1 0
github.com/cyw0ng95/v2e/cmd/v2analysis/main.go:479.89,486.3 3 0
github.com/cyw0ng95/v2e/cmd/v2analysis/main.go:490.76,491.89 1 0
github.com/cyw0ng95/v2e/cmd/v2analysis/main.go:491.89,500.3 4 0
github.com/cyw0ng95/v2e/cmd/v2analysis/main.go:504.78,505.89 1 0
github.com/cyw0ng95/v2e/cmd/v2analysis/main.go:505.89,506.52 1 0
github.com/cyw0ng95/v2e/cmd/v2analysis/main.go:506.52,508.4 1 0
github.com/cyw0ng95/v2e/cmd/v2analysis/main.go:510.3,513.5 2 0
github.com/cyw0ng95/v2e/cmd/v2analysis/main.go:518.79,519.89 1 0
github.com/cyw0ng95/v2e/cmd/v2analysis/main.go:519.89,520.53 1 0
github.com/cyw0ng95/v2e/cmd/v2analysis/main.go:520.53,522.4 1 0
github.com/cyw0ng95/v2e/cmd/v2analysis/main.go:524.3,527.5 2 0
github.com/cyw0ng95/v2e/cmd/v2analysis/main.go:532.74,533.89 1 0
github.com/cyw0ng95/v2e/cmd/v2analysis/main.go:533.89,537.49 2 0
github.com/cyw0ng95/v2e/cmd/v2analysis/main.go:537.49,539.4 1 0
github.com/cyw0ng95/v2e/cmd/v2analysis/main.go:542.3,542.69 1 0
github.com/cyw0ng95/v2e/cmd/v2analysis/main.go:542.69,545.4 2 0
github.com/cyw0ng95/v2e/cmd/v2analysis/main.go:548.3,548.52 1 0
github.com/cyw0ng95/v2e/cmd/v2analysis/main.go:548.52,550.4 1 0
github.com/cyw0ng95/v2e/cmd/v2analysis/main.go:552.3,560.5 3 0
github.com/cyw0ng95/v2e/cmd/v2analysis/main.go:565.74,566.89 1 0
github.com/cyw0ng95/v2e/cmd/v2analysis/main.go:566.89,569.17 2 0
github.com/cyw0ng95/v2e/cmd/v2analysis/main.go:569.17,571.4 1 0
github.com/cyw0ng95/v2e/cmd/v2analysis/main.go:574.3,581.5 3 0
github.com/cyw0ng95/v2e/cmd/v2broker/build_config.go:21.38,22.64 1 0
github.com/cyw0ng95/v2e/cmd/v2broker/build_config.go:22.64,24.3 1 0
github.com/cyw0ng95/v2e/cmd/v2broker/build_config.go:25.2,25.13 1 0
github.com/cyw0ng95/v2e/cmd/v2broker/build_config.go:29.39,30.65 1 0
github.com/cyw0ng95/v2e/cmd/v2broker/build_config.go:30.65,32.3 1 0
github.com/cyw0ng95/v2e/cmd/v2broker/build_config.go:33.2,33.10 1 0
github.com/cyw0ng95/v2e/cmd/v2broker/build_config.go:37.37,38.63 1 0
github.com/cyw0ng95/v2e/cmd/v2broker/build_config.go:38.63,40.3 1 0
github.com/cyw0ng95/v2e/cmd/v2broker/build_config.go:41.2,41.10 1 0
github.com/cyw0ng95/v2e/cmd/v2broker/build_config.go:45.47,46.63 1 0
github.com/cyw0ng95/v2e/cmd/v2broker/build_config.go:46.63,48.3 1 0
github.com/cyw0ng95/v2e/cmd/v2broker/build_config.go:49.2,49.30 1 0
github.com/cyw0ng95/v2e/cmd/v2broker/build_config.go:53.41,54.32 1 0
github.com/cyw0ng95/v2e/cmd/v2broker/build_config.go:54.32,56.3 1 0
github.com/cyw0ng95/v2e/cmd/v2broker/build_config.go:57.2,57.29 1 0
github.com/cyw0ng95/v2e/cmd/v2broker/main.go:19.13,26.16 4 0
github.com/cyw0ng95/v2e/cmd/v2broker/main.go:26.16,30.3 3 0
github.com/cyw0ng95/v2e/cmd/v2broker/main.go:34.2,46.60 6 0
github.com/cyw0ng95/v2e/cmd/v2broker/main.go:46.60,48.3 1 0
github.com/cyw0ng95/v2e/cmd/v2broker/main.go:54.2,80.12 7 0
github.com/cyw0ng95/v2e/cmd/v2broker/main.go:80.12,81.7 1 0
github.com/cyw0ng95/v2e/cmd/v2broker/main.go:81.7,83.18 2 0
github.com/cyw0ng95/v2e/cmd/v2broker/main.go:83.18,85.5 1 0
github.com/cyw0ng95/v2e/cmd/v2broker/main.go:87.4,87.53 1 0
github.com/cyw0ng95/v2e/cmd/v2broker/main.go:87.53,89.5 1 0
github.com/cyw0ng95/v2e/cmd/v2broker/main.go:89.10,91.5 1 0
github.com/cyw0ng95/v2e/cmd/v2broker/main.go:96.2,101.35 4 0
github.com/cyw0ng95/v2e/cmd/v2broker/spawn_adapter.go:20.51,20.81 1 0
github.com/cyw0ng95/v2e/cmd/v2broker/spawn_adapter.go:22.57,23.17 1 0
github.com/cyw0ng95/v2e/cmd/v2broker/spawn_adapter.go:23.17,25.3 1 0
github.com/cyw0ng95/v2e/cmd/v2broker/spawn_adapter.go:26.2,33.3 1 0
github.com/cyw0ng95/v2e/cmd/v2broker/spawn_adapter.go:39.93,42.2 2 0
github.com/cyw0ng95/v2e/cmd/v2broker/spawn_adapter.go:44.96,47.2 2 0
github.com/cyw0ng95/v2e/cmd/v2broker/spawn_adapter.go:49.121,52.2 2 0
github.com/cyw0ng95/v2e/cmd/v2broker/spawn_adapter.go:54.124,57.2 2 0
